#
# There is insufficient memory for the Java Runtime Environment to continue.
# Native memory allocation (malloc) failed to allocate 151936 bytes for Chunk::new
# Possible reasons:
#   The system is out of physical RAM or swap space
#   The process is running with CompressedOops enabled, and the Java Heap may be blocking the growth of the native heap
# Possible solutions:
#   Reduce memory load on the system
#   Increase physical memory or swap space
#   Check if swap backing store is full
#   Decrease Java heap size (-Xmx/-Xms)
#   Decrease number of Java threads
#   Decrease Java thread stack sizes (-Xss)
#   Set larger code cache with -XX:ReservedCodeCacheSize=
#   JVM is running with Unscaled Compressed Oops mode in which the Java heap is
#     placed in the first 4GB address space. The Java Heap base address is the
#     maximum limit for the native heap growth. Please use -XX:HeapBaseMinAddress
#     to set the Java Heap base and to place the Java Heap above 4GB virtual address.
# This output file may be truncated or incomplete.
#
#  Out of Memory Error (arena.cpp:184), pid=41688, tid=41796
#
# JRE version: Java(TM) SE Runtime Environment (19.0+36) (build 19+36-2238)
# Java VM: Java HotSpot(TM) 64-Bit Server VM (19+36-2238, mixed mode, tiered, compressed oops, compressed class ptrs, g1 gc, windows-amd64)
# No core dump will be written. Minidumps are not enabled by default on client versions of Windows
#

---------------  S U M M A R Y ------------

Command Line: -Dfile.encoding=UTF-8 --module-path=C:\Users\Hp\Documents\NetBeansProjects\Bank management system\build\classes bank.management.system.Login

Host: 11th Gen Intel(R) Core(TM) i3-1125G4 @ 2.00GHz, 8 cores, 7G,  Windows 11 , 64 bit Build 22621 (10.0.22621.3958)
Time: Mon Aug 12 15:11:14 2024 India Standard Time elapsed time: 0.243246 seconds (0d 0h 0m 0s)

---------------  T H R E A D  ---------------

Current thread (0x000001fee18a99f0):  JavaThread "C2 CompilerThread0" daemon [_thread_in_native, id=41796, stack(0x000000b1e3500000,0x000000b1e3600000)]


Current CompileTask:
C2:    243  177       4       java.util.HashMap::putVal (300 bytes)

Stack: [0x000000b1e3500000,0x000000b1e3600000]
Native frames: (J=compiled Java code, j=interpreted, Vv=VM code, C=native code)
V  [jvm.dll+0x6ee8fa]
V  [jvm.dll+0x857a1e]
V  [jvm.dll+0x85940e]
V  [jvm.dll+0x859ac3]
V  [jvm.dll+0x28291f]
V  [jvm.dll+0xc9b5f]
V  [jvm.dll+0xc9ee5]
V  [jvm.dll+0x2f7c6f]
V  [jvm.dll+0x5f0c5b]
V  [jvm.dll+0x254d73]
V  [jvm.dll+0x24dd16]
V  [jvm.dll+0x24b563]
V  [jvm.dll+0x1d6d61]
V  [jvm.dll+0x25b0fa]
V  [jvm.dll+0x259588]
V  [jvm.dll+0x807928]
V  [jvm.dll+0x8015fa]
V  [jvm.dll+0x6ed5eb]
C  [ucrtbase.dll+0x29333]
C  [KERNEL32.DLL+0x1257d]
C  [ntdll.dll+0x5af28]


---------------  P R O C E S S  ---------------

Threads class SMR info:
_java_thread_list=0x000001fedd46d0f0, length=13, elements={
0x000001febf0ffbe0, 0x000001fedd46d160, 0x000001fedd46dd50, 0x000001fee18a4790,
0x000001fee188b860, 0x000001fee188c190, 0x000001fee188dce0, 0x000001fee18a99f0,
0x000001fee18c9f80, 0x000001fee18ca8f0, 0x000001fee1a69450, 0x000001fee1b5b190,
0x000001fee1b49bd0
}

Java Threads: ( => current thread )
  0x000001febf0ffbe0 JavaThread "main" [_thread_in_vm, id=33368, stack(0x000000b1e2800000,0x000000b1e2900000)]
  0x000001fedd46d160 JavaThread "Reference Handler" daemon [_thread_blocked, id=41340, stack(0x000000b1e2f00000,0x000000b1e3000000)]
  0x000001fedd46dd50 JavaThread "Finalizer" daemon [_thread_blocked, id=41356, stack(0x000000b1e3000000,0x000000b1e3100000)]
  0x000001fee18a4790 JavaThread "Signal Dispatcher" daemon [_thread_blocked, id=20012, stack(0x000000b1e3100000,0x000000b1e3200000)]
  0x000001fee188b860 JavaThread "Attach Listener" daemon [_thread_blocked, id=14900, stack(0x000000b1e3200000,0x000000b1e3300000)]
  0x000001fee188c190 JavaThread "Service Thread" daemon [_thread_blocked, id=12468, stack(0x000000b1e3300000,0x000000b1e3400000)]
  0x000001fee188dce0 JavaThread "Monitor Deflation Thread" daemon [_thread_blocked, id=12912, stack(0x000000b1e3400000,0x000000b1e3500000)]
=>0x000001fee18a99f0 JavaThread "C2 CompilerThread0" daemon [_thread_in_native, id=41796, stack(0x000000b1e3500000,0x000000b1e3600000)]
  0x000001fee18c9f80 JavaThread "C1 CompilerThread0" daemon [_thread_blocked, id=41100, stack(0x000000b1e3600000,0x000000b1e3700000)]
  0x000001fee18ca8f0 JavaThread "Sweeper thread" daemon [_thread_blocked, id=41088, stack(0x000000b1e3700000,0x000000b1e3800000)]
  0x000001fee1a69450 JavaThread "Common-Cleaner" daemon [_thread_blocked, id=41108, stack(0x000000b1e3800000,0x000000b1e3900000)]
  0x000001fee1b5b190 JavaThread "Notification Thread" daemon [_thread_blocked, id=41520, stack(0x000000b1e3900000,0x000000b1e3a00000)]
  0x000001fee1b49bd0 JavaThread "C2 CompilerThread1" daemon [_thread_blocked, id=27888, stack(0x000000b1e3b00000,0x000000b1e3c00000)]

Other Threads:
  0x000001fedd43ccd0 VMThread "VM Thread" [stack: 0x000000b1e2e00000,0x000000b1e2f00000] [id=41124]
  0x000001fee1b7fc30 WatcherThread "VM Periodic Task Thread" [stack: 0x000000b1e3a00000,0x000000b1e3b00000] [id=41528]
  0x000001febf15e930 WorkerThread "GC Thread#0" [stack: 0x000000b1e2900000,0x000000b1e2a00000] [id=37728]
  0x000001febf16f090 ConcurrentGCThread "G1 Main Marker" [stack: 0x000000b1e2a00000,0x000000b1e2b00000] [id=38020]
  0x000001febf16fc60 WorkerThread "G1 Conc#0" [stack: 0x000000b1e2b00000,0x000000b1e2c00000] [id=39212]
  0x000001fedd2ebfe0 ConcurrentGCThread "G1 Refine#0" [stack: 0x000000b1e2c00000,0x000000b1e2d00000] [id=39392]
  0x000001fedd2ec930 ConcurrentGCThread "G1 Service" [stack: 0x000000b1e2d00000,0x000000b1e2e00000] [id=40176]

Threads with active compile tasks:
C2 CompilerThread0      268  177       4       java.util.HashMap::putVal (300 bytes)

VM state: not at safepoint (normal execution)

VM Mutex/Monitor currently owned by a thread: None

Heap address: 0x0000000084000000, size: 1984 MB, Compressed Oops mode: 32-bit

CDS archive(s) not mapped
Compressed class space mapped at: 0x0000000100000000-0x0000000140000000, reserved size: 1073741824
Narrow klass base: 0x0000000000000000, Narrow klass shift: 3, Narrow klass range: 0x140000000

GC Precious Log:
 CardTable entry size: 512
 Card Set container configuration: InlinePtr #cards 5 size 8 Array Of Cards #cards 12 size 40 Howl #buckets 4 coarsen threshold 1843 Howl Bitmap #cards 512 size 80 coarsen threshold 460 Card regions per heap region 1 cards per card region 2048
 CPUs: 8 total, 8 available
 Memory: 7932M
 Large Page Support: Disabled
 NUMA Support: Disabled
 Compressed Oops: Enabled (32-bit)
 Heap Region Size: 1M
 Heap Min Capacity: 8M
 Heap Initial Capacity: 124M
 Heap Max Capacity: 1984M
 Pre-touch: Disabled
 Parallel Workers: 8
 Concurrent Workers: 2
 Concurrent Refinement Workers: 8
 Periodic GC: Disabled

Heap:
 garbage-first heap   total 126976K, used 2048K [0x0000000084000000, 0x0000000100000000)
  region size 1024K, 3 young (3072K), 0 survivors (0K)
 Metaspace       used 7174K, committed 7296K, reserved 1114112K
  class space    used 590K, committed 704K, reserved 1048576K

Heap Regions: E=young(eden), S=young(survivor), O=old, HS=humongous(starts), HC=humongous(continues), CS=collection set, F=free, OA=open archive, CA=closed archive, TAMS=top-at-mark-start (previous, next)
|   0|0x0000000084000000, 0x0000000084000000, 0x0000000084100000|  0%| F|  |TAMS 0x0000000084000000, 0x0000000084000000| Untracked 
|   1|0x0000000084100000, 0x0000000084100000, 0x0000000084200000|  0%| F|  |TAMS 0x0000000084100000, 0x0000000084100000| Untracked 
|   2|0x0000000084200000, 0x0000000084200000, 0x0000000084300000|  0%| F|  |TAMS 0x0000000084200000, 0x0000000084200000| Untracked 
|   3|0x0000000084300000, 0x0000000084300000, 0x0000000084400000|  0%| F|  |TAMS 0x0000000084300000, 0x0000000084300000| Untracked 
|   4|0x0000000084400000, 0x0000000084400000, 0x0000000084500000|  0%| F|  |TAMS 0x0000000084400000, 0x0000000084400000| Untracked 
|   5|0x0000000084500000, 0x0000000084500000, 0x0000000084600000|  0%| F|  |TAMS 0x0000000084500000, 0x0000000084500000| Untracked 
|   6|0x0000000084600000, 0x0000000084600000, 0x0000000084700000|  0%| F|  |TAMS 0x0000000084600000, 0x0000000084600000| Untracked 
|   7|0x0000000084700000, 0x0000000084700000, 0x0000000084800000|  0%| F|  |TAMS 0x0000000084700000, 0x0000000084700000| Untracked 
|   8|0x0000000084800000, 0x0000000084800000, 0x0000000084900000|  0%| F|  |TAMS 0x0000000084800000, 0x0000000084800000| Untracked 
|   9|0x0000000084900000, 0x0000000084900000, 0x0000000084a00000|  0%| F|  |TAMS 0x0000000084900000, 0x0000000084900000| Untracked 
|  10|0x0000000084a00000, 0x0000000084a00000, 0x0000000084b00000|  0%| F|  |TAMS 0x0000000084a00000, 0x0000000084a00000| Untracked 
|  11|0x0000000084b00000, 0x0000000084b00000, 0x0000000084c00000|  0%| F|  |TAMS 0x0000000084b00000, 0x0000000084b00000| Untracked 
|  12|0x0000000084c00000, 0x0000000084c00000, 0x0000000084d00000|  0%| F|  |TAMS 0x0000000084c00000, 0x0000000084c00000| Untracked 
|  13|0x0000000084d00000, 0x0000000084d00000, 0x0000000084e00000|  0%| F|  |TAMS 0x0000000084d00000, 0x0000000084d00000| Untracked 
|  14|0x0000000084e00000, 0x0000000084e00000, 0x0000000084f00000|  0%| F|  |TAMS 0x0000000084e00000, 0x0000000084e00000| Untracked 
|  15|0x0000000084f00000, 0x0000000084f00000, 0x0000000085000000|  0%| F|  |TAMS 0x0000000084f00000, 0x0000000084f00000| Untracked 
|  16|0x0000000085000000, 0x0000000085000000, 0x0000000085100000|  0%| F|  |TAMS 0x0000000085000000, 0x0000000085000000| Untracked 
|  17|0x0000000085100000, 0x0000000085100000, 0x0000000085200000|  0%| F|  |TAMS 0x0000000085100000, 0x0000000085100000| Untracked 
|  18|0x0000000085200000, 0x0000000085200000, 0x0000000085300000|  0%| F|  |TAMS 0x0000000085200000, 0x0000000085200000| Untracked 
|  19|0x0000000085300000, 0x0000000085300000, 0x0000000085400000|  0%| F|  |TAMS 0x0000000085300000, 0x0000000085300000| Untracked 
|  20|0x0000000085400000, 0x0000000085400000, 0x0000000085500000|  0%| F|  |TAMS 0x0000000085400000, 0x0000000085400000| Untracked 
|  21|0x0000000085500000, 0x0000000085500000, 0x0000000085600000|  0%| F|  |TAMS 0x0000000085500000, 0x0000000085500000| Untracked 
|  22|0x0000000085600000, 0x0000000085600000, 0x0000000085700000|  0%| F|  |TAMS 0x0000000085600000, 0x0000000085600000| Untracked 
|  23|0x0000000085700000, 0x0000000085700000, 0x0000000085800000|  0%| F|  |TAMS 0x0000000085700000, 0x0000000085700000| Untracked 
|  24|0x0000000085800000, 0x0000000085800000, 0x0000000085900000|  0%| F|  |TAMS 0x0000000085800000, 0x0000000085800000| Untracked 
|  25|0x0000000085900000, 0x0000000085900000, 0x0000000085a00000|  0%| F|  |TAMS 0x0000000085900000, 0x0000000085900000| Untracked 
|  26|0x0000000085a00000, 0x0000000085a00000, 0x0000000085b00000|  0%| F|  |TAMS 0x0000000085a00000, 0x0000000085a00000| Untracked 
|  27|0x0000000085b00000, 0x0000000085b00000, 0x0000000085c00000|  0%| F|  |TAMS 0x0000000085b00000, 0x0000000085b00000| Untracked 
|  28|0x0000000085c00000, 0x0000000085c00000, 0x0000000085d00000|  0%| F|  |TAMS 0x0000000085c00000, 0x0000000085c00000| Untracked 
|  29|0x0000000085d00000, 0x0000000085d00000, 0x0000000085e00000|  0%| F|  |TAMS 0x0000000085d00000, 0x0000000085d00000| Untracked 
|  30|0x0000000085e00000, 0x0000000085e00000, 0x0000000085f00000|  0%| F|  |TAMS 0x0000000085e00000, 0x0000000085e00000| Untracked 
|  31|0x0000000085f00000, 0x0000000085f00000, 0x0000000086000000|  0%| F|  |TAMS 0x0000000085f00000, 0x0000000085f00000| Untracked 
|  32|0x0000000086000000, 0x0000000086000000, 0x0000000086100000|  0%| F|  |TAMS 0x0000000086000000, 0x0000000086000000| Untracked 
|  33|0x0000000086100000, 0x0000000086100000, 0x0000000086200000|  0%| F|  |TAMS 0x0000000086100000, 0x0000000086100000| Untracked 
|  34|0x0000000086200000, 0x0000000086200000, 0x0000000086300000|  0%| F|  |TAMS 0x0000000086200000, 0x0000000086200000| Untracked 
|  35|0x0000000086300000, 0x0000000086300000, 0x0000000086400000|  0%| F|  |TAMS 0x0000000086300000, 0x0000000086300000| Untracked 
|  36|0x0000000086400000, 0x0000000086400000, 0x0000000086500000|  0%| F|  |TAMS 0x0000000086400000, 0x0000000086400000| Untracked 
|  37|0x0000000086500000, 0x0000000086500000, 0x0000000086600000|  0%| F|  |TAMS 0x0000000086500000, 0x0000000086500000| Untracked 
|  38|0x0000000086600000, 0x0000000086600000, 0x0000000086700000|  0%| F|  |TAMS 0x0000000086600000, 0x0000000086600000| Untracked 
|  39|0x0000000086700000, 0x0000000086700000, 0x0000000086800000|  0%| F|  |TAMS 0x0000000086700000, 0x0000000086700000| Untracked 
|  40|0x0000000086800000, 0x0000000086800000, 0x0000000086900000|  0%| F|  |TAMS 0x0000000086800000, 0x0000000086800000| Untracked 
|  41|0x0000000086900000, 0x0000000086900000, 0x0000000086a00000|  0%| F|  |TAMS 0x0000000086900000, 0x0000000086900000| Untracked 
|  42|0x0000000086a00000, 0x0000000086a00000, 0x0000000086b00000|  0%| F|  |TAMS 0x0000000086a00000, 0x0000000086a00000| Untracked 
|  43|0x0000000086b00000, 0x0000000086b00000, 0x0000000086c00000|  0%| F|  |TAMS 0x0000000086b00000, 0x0000000086b00000| Untracked 
|  44|0x0000000086c00000, 0x0000000086c00000, 0x0000000086d00000|  0%| F|  |TAMS 0x0000000086c00000, 0x0000000086c00000| Untracked 
|  45|0x0000000086d00000, 0x0000000086d00000, 0x0000000086e00000|  0%| F|  |TAMS 0x0000000086d00000, 0x0000000086d00000| Untracked 
|  46|0x0000000086e00000, 0x0000000086e00000, 0x0000000086f00000|  0%| F|  |TAMS 0x0000000086e00000, 0x0000000086e00000| Untracked 
|  47|0x0000000086f00000, 0x0000000086f00000, 0x0000000087000000|  0%| F|  |TAMS 0x0000000086f00000, 0x0000000086f00000| Untracked 
|  48|0x0000000087000000, 0x0000000087000000, 0x0000000087100000|  0%| F|  |TAMS 0x0000000087000000, 0x0000000087000000| Untracked 
|  49|0x0000000087100000, 0x0000000087100000, 0x0000000087200000|  0%| F|  |TAMS 0x0000000087100000, 0x0000000087100000| Untracked 
|  50|0x0000000087200000, 0x0000000087200000, 0x0000000087300000|  0%| F|  |TAMS 0x0000000087200000, 0x0000000087200000| Untracked 
|  51|0x0000000087300000, 0x0000000087300000, 0x0000000087400000|  0%| F|  |TAMS 0x0000000087300000, 0x0000000087300000| Untracked 
|  52|0x0000000087400000, 0x0000000087400000, 0x0000000087500000|  0%| F|  |TAMS 0x0000000087400000, 0x0000000087400000| Untracked 
|  53|0x0000000087500000, 0x0000000087500000, 0x0000000087600000|  0%| F|  |TAMS 0x0000000087500000, 0x0000000087500000| Untracked 
|  54|0x0000000087600000, 0x0000000087600000, 0x0000000087700000|  0%| F|  |TAMS 0x0000000087600000, 0x0000000087600000| Untracked 
|  55|0x0000000087700000, 0x0000000087700000, 0x0000000087800000|  0%| F|  |TAMS 0x0000000087700000, 0x0000000087700000| Untracked 
|  56|0x0000000087800000, 0x0000000087800000, 0x0000000087900000|  0%| F|  |TAMS 0x0000000087800000, 0x0000000087800000| Untracked 
|  57|0x0000000087900000, 0x0000000087900000, 0x0000000087a00000|  0%| F|  |TAMS 0x0000000087900000, 0x0000000087900000| Untracked 
|  58|0x0000000087a00000, 0x0000000087a00000, 0x0000000087b00000|  0%| F|  |TAMS 0x0000000087a00000, 0x0000000087a00000| Untracked 
|  59|0x0000000087b00000, 0x0000000087b00000, 0x0000000087c00000|  0%| F|  |TAMS 0x0000000087b00000, 0x0000000087b00000| Untracked 
|  60|0x0000000087c00000, 0x0000000087c00000, 0x0000000087d00000|  0%| F|  |TAMS 0x0000000087c00000, 0x0000000087c00000| Untracked 
|  61|0x0000000087d00000, 0x0000000087d00000, 0x0000000087e00000|  0%| F|  |TAMS 0x0000000087d00000, 0x0000000087d00000| Untracked 
|  62|0x0000000087e00000, 0x0000000087e00000, 0x0000000087f00000|  0%| F|  |TAMS 0x0000000087e00000, 0x0000000087e00000| Untracked 
|  63|0x0000000087f00000, 0x0000000087f00000, 0x0000000088000000|  0%| F|  |TAMS 0x0000000087f00000, 0x0000000087f00000| Untracked 
|  64|0x0000000088000000, 0x0000000088000000, 0x0000000088100000|  0%| F|  |TAMS 0x0000000088000000, 0x0000000088000000| Untracked 
|  65|0x0000000088100000, 0x0000000088100000, 0x0000000088200000|  0%| F|  |TAMS 0x0000000088100000, 0x0000000088100000| Untracked 
|  66|0x0000000088200000, 0x0000000088200000, 0x0000000088300000|  0%| F|  |TAMS 0x0000000088200000, 0x0000000088200000| Untracked 
|  67|0x0000000088300000, 0x0000000088300000, 0x0000000088400000|  0%| F|  |TAMS 0x0000000088300000, 0x0000000088300000| Untracked 
|  68|0x0000000088400000, 0x0000000088400000, 0x0000000088500000|  0%| F|  |TAMS 0x0000000088400000, 0x0000000088400000| Untracked 
|  69|0x0000000088500000, 0x0000000088500000, 0x0000000088600000|  0%| F|  |TAMS 0x0000000088500000, 0x0000000088500000| Untracked 
|  70|0x0000000088600000, 0x0000000088600000, 0x0000000088700000|  0%| F|  |TAMS 0x0000000088600000, 0x0000000088600000| Untracked 
|  71|0x0000000088700000, 0x0000000088700000, 0x0000000088800000|  0%| F|  |TAMS 0x0000000088700000, 0x0000000088700000| Untracked 
|  72|0x0000000088800000, 0x0000000088800000, 0x0000000088900000|  0%| F|  |TAMS 0x0000000088800000, 0x0000000088800000| Untracked 
|  73|0x0000000088900000, 0x0000000088900000, 0x0000000088a00000|  0%| F|  |TAMS 0x0000000088900000, 0x0000000088900000| Untracked 
|  74|0x0000000088a00000, 0x0000000088a00000, 0x0000000088b00000|  0%| F|  |TAMS 0x0000000088a00000, 0x0000000088a00000| Untracked 
|  75|0x0000000088b00000, 0x0000000088b00000, 0x0000000088c00000|  0%| F|  |TAMS 0x0000000088b00000, 0x0000000088b00000| Untracked 
|  76|0x0000000088c00000, 0x0000000088c00000, 0x0000000088d00000|  0%| F|  |TAMS 0x0000000088c00000, 0x0000000088c00000| Untracked 
|  77|0x0000000088d00000, 0x0000000088d00000, 0x0000000088e00000|  0%| F|  |TAMS 0x0000000088d00000, 0x0000000088d00000| Untracked 
|  78|0x0000000088e00000, 0x0000000088e00000, 0x0000000088f00000|  0%| F|  |TAMS 0x0000000088e00000, 0x0000000088e00000| Untracked 
|  79|0x0000000088f00000, 0x0000000088f00000, 0x0000000089000000|  0%| F|  |TAMS 0x0000000088f00000, 0x0000000088f00000| Untracked 
|  80|0x0000000089000000, 0x0000000089000000, 0x0000000089100000|  0%| F|  |TAMS 0x0000000089000000, 0x0000000089000000| Untracked 
|  81|0x0000000089100000, 0x0000000089100000, 0x0000000089200000|  0%| F|  |TAMS 0x0000000089100000, 0x0000000089100000| Untracked 
|  82|0x0000000089200000, 0x0000000089200000, 0x0000000089300000|  0%| F|  |TAMS 0x0000000089200000, 0x0000000089200000| Untracked 
|  83|0x0000000089300000, 0x0000000089300000, 0x0000000089400000|  0%| F|  |TAMS 0x0000000089300000, 0x0000000089300000| Untracked 
|  84|0x0000000089400000, 0x0000000089400000, 0x0000000089500000|  0%| F|  |TAMS 0x0000000089400000, 0x0000000089400000| Untracked 
|  85|0x0000000089500000, 0x0000000089500000, 0x0000000089600000|  0%| F|  |TAMS 0x0000000089500000, 0x0000000089500000| Untracked 
|  86|0x0000000089600000, 0x0000000089600000, 0x0000000089700000|  0%| F|  |TAMS 0x0000000089600000, 0x0000000089600000| Untracked 
|  87|0x0000000089700000, 0x0000000089700000, 0x0000000089800000|  0%| F|  |TAMS 0x0000000089700000, 0x0000000089700000| Untracked 
|  88|0x0000000089800000, 0x0000000089800000, 0x0000000089900000|  0%| F|  |TAMS 0x0000000089800000, 0x0000000089800000| Untracked 
|  89|0x0000000089900000, 0x0000000089900000, 0x0000000089a00000|  0%| F|  |TAMS 0x0000000089900000, 0x0000000089900000| Untracked 
|  90|0x0000000089a00000, 0x0000000089a00000, 0x0000000089b00000|  0%| F|  |TAMS 0x0000000089a00000, 0x0000000089a00000| Untracked 
|  91|0x0000000089b00000, 0x0000000089b00000, 0x0000000089c00000|  0%| F|  |TAMS 0x0000000089b00000, 0x0000000089b00000| Untracked 
|  92|0x0000000089c00000, 0x0000000089c00000, 0x0000000089d00000|  0%| F|  |TAMS 0x0000000089c00000, 0x0000000089c00000| Untracked 
|  93|0x0000000089d00000, 0x0000000089d00000, 0x0000000089e00000|  0%| F|  |TAMS 0x0000000089d00000, 0x0000000089d00000| Untracked 
|  94|0x0000000089e00000, 0x0000000089e00000, 0x0000000089f00000|  0%| F|  |TAMS 0x0000000089e00000, 0x0000000089e00000| Untracked 
|  95|0x0000000089f00000, 0x0000000089f00000, 0x000000008a000000|  0%| F|  |TAMS 0x0000000089f00000, 0x0000000089f00000| Untracked 
|  96|0x000000008a000000, 0x000000008a000000, 0x000000008a100000|  0%| F|  |TAMS 0x000000008a000000, 0x000000008a000000| Untracked 
|  97|0x000000008a100000, 0x000000008a100000, 0x000000008a200000|  0%| F|  |TAMS 0x000000008a100000, 0x000000008a100000| Untracked 
|  98|0x000000008a200000, 0x000000008a200000, 0x000000008a300000|  0%| F|  |TAMS 0x000000008a200000, 0x000000008a200000| Untracked 
|  99|0x000000008a300000, 0x000000008a300000, 0x000000008a400000|  0%| F|  |TAMS 0x000000008a300000, 0x000000008a300000| Untracked 
| 100|0x000000008a400000, 0x000000008a400000, 0x000000008a500000|  0%| F|  |TAMS 0x000000008a400000, 0x000000008a400000| Untracked 
| 101|0x000000008a500000, 0x000000008a500000, 0x000000008a600000|  0%| F|  |TAMS 0x000000008a500000, 0x000000008a500000| Untracked 
| 102|0x000000008a600000, 0x000000008a600000, 0x000000008a700000|  0%| F|  |TAMS 0x000000008a600000, 0x000000008a600000| Untracked 
| 103|0x000000008a700000, 0x000000008a700000, 0x000000008a800000|  0%| F|  |TAMS 0x000000008a700000, 0x000000008a700000| Untracked 
| 104|0x000000008a800000, 0x000000008a800000, 0x000000008a900000|  0%| F|  |TAMS 0x000000008a800000, 0x000000008a800000| Untracked 
| 105|0x000000008a900000, 0x000000008a900000, 0x000000008aa00000|  0%| F|  |TAMS 0x000000008a900000, 0x000000008a900000| Untracked 
| 106|0x000000008aa00000, 0x000000008aa00000, 0x000000008ab00000|  0%| F|  |TAMS 0x000000008aa00000, 0x000000008aa00000| Untracked 
| 107|0x000000008ab00000, 0x000000008ab00000, 0x000000008ac00000|  0%| F|  |TAMS 0x000000008ab00000, 0x000000008ab00000| Untracked 
| 108|0x000000008ac00000, 0x000000008ac00000, 0x000000008ad00000|  0%| F|  |TAMS 0x000000008ac00000, 0x000000008ac00000| Untracked 
| 109|0x000000008ad00000, 0x000000008ad00000, 0x000000008ae00000|  0%| F|  |TAMS 0x000000008ad00000, 0x000000008ad00000| Untracked 
| 110|0x000000008ae00000, 0x000000008ae00000, 0x000000008af00000|  0%| F|  |TAMS 0x000000008ae00000, 0x000000008ae00000| Untracked 
| 111|0x000000008af00000, 0x000000008af00000, 0x000000008b000000|  0%| F|  |TAMS 0x000000008af00000, 0x000000008af00000| Untracked 
| 112|0x000000008b000000, 0x000000008b000000, 0x000000008b100000|  0%| F|  |TAMS 0x000000008b000000, 0x000000008b000000| Untracked 
| 113|0x000000008b100000, 0x000000008b100000, 0x000000008b200000|  0%| F|  |TAMS 0x000000008b100000, 0x000000008b100000| Untracked 
| 114|0x000000008b200000, 0x000000008b200000, 0x000000008b300000|  0%| F|  |TAMS 0x000000008b200000, 0x000000008b200000| Untracked 
| 115|0x000000008b300000, 0x000000008b300000, 0x000000008b400000|  0%| F|  |TAMS 0x000000008b300000, 0x000000008b300000| Untracked 
| 116|0x000000008b400000, 0x000000008b400000, 0x000000008b500000|  0%| F|  |TAMS 0x000000008b400000, 0x000000008b400000| Untracked 
| 117|0x000000008b500000, 0x000000008b500000, 0x000000008b600000|  0%| F|  |TAMS 0x000000008b500000, 0x000000008b500000| Untracked 
| 118|0x000000008b600000, 0x000000008b600000, 0x000000008b700000|  0%| F|  |TAMS 0x000000008b600000, 0x000000008b600000| Untracked 
| 119|0x000000008b700000, 0x000000008b700000, 0x000000008b800000|  0%| F|  |TAMS 0x000000008b700000, 0x000000008b700000| Untracked 
| 120|0x000000008b800000, 0x000000008b800000, 0x000000008b900000|  0%| F|  |TAMS 0x000000008b800000, 0x000000008b800000| Untracked 
| 121|0x000000008b900000, 0x000000008b9ec088, 0x000000008ba00000| 92%| E|  |TAMS 0x000000008b900000, 0x000000008b900000| Complete 
| 122|0x000000008ba00000, 0x000000008bb00000, 0x000000008bb00000|100%| E|CS|TAMS 0x000000008ba00000, 0x000000008ba00000| Complete 
| 123|0x000000008bb00000, 0x000000008bc00000, 0x000000008bc00000|100%| E|CS|TAMS 0x000000008bb00000, 0x000000008bb00000| Complete 

Card table byte_map: [0x000001fed6760000,0x000001fed6b40000] _byte_map_base: 0x000001fed6340000

Marking Bits (Prev, Next): (CMBitMap*) 0x000001febf15ef60, (CMBitMap*) 0x000001febf15efa0
 Prev Bits: [0x000001fed6f20000, 0x000001fed8e20000)
 Next Bits: [0x000001fed8e20000, 0x000001fedad20000)

Polling page: 0x000001febd0a0000

Metaspace:

Usage:
  Non-class:      6.56 MB used.
      Class:    612.53 KB used.
       Both:      7.16 MB used.

Virtual space:
  Non-class space:       64.00 MB reserved,       6.62 MB ( 10%) committed,  1 nodes.
      Class space:        1.00 GB reserved,     704.00 KB ( <1%) committed,  1 nodes.
             Both:        1.06 GB reserved,       7.31 MB ( <1%) committed. 

Chunk freelists:
   Non-Class:  1.00 MB
       Class:  3.24 MB
        Both:  4.24 MB

MaxMetaspaceSize: unlimited
CompressedClassSpaceSize: 1.00 GB
Initial GC threshold: 21.00 MB
Current GC threshold: 21.00 MB
CDS: off
MetaspaceReclaimPolicy: balanced
 - commit_granule_bytes: 65536.
 - commit_granule_words: 8192.
 - virtual_space_node_default_size: 8388608.
 - enlarge_chunks_in_place: 1.
 - new_chunks_are_fully_committed: 0.
 - uncommit_free_chunks: 1.
 - use_allocation_guard: 0.


Internal statistics:

num_allocs_failed_limit: 0.
num_arena_births: 8.
num_arena_deaths: 0.
num_vsnodes_births: 2.
num_vsnodes_deaths: 0.
num_space_committed: 117.
num_space_uncommitted: 0.
num_chunks_returned_to_freelist: 0.
num_chunks_taken_from_freelist: 27.
num_chunk_merges: 0.
num_chunk_splits: 9.
num_chunks_enlarged: 2.
num_inconsistent_stats: 0.

CodeHeap 'non-profiled nmethods': size=120000Kb used=64Kb max_used=64Kb free=119935Kb
 bounds [0x000001feceb20000, 0x000001feced90000, 0x000001fed6050000]
CodeHeap 'profiled nmethods': size=120000Kb used=226Kb max_used=226Kb free=119773Kb
 bounds [0x000001fec7050000, 0x000001fec72c0000, 0x000001fece580000]
CodeHeap 'non-nmethods': size=5760Kb used=1209Kb max_used=1219Kb free=4550Kb
 bounds [0x000001fece580000, 0x000001fece7f0000, 0x000001feceb20000]
 total_blobs=600 nmethods=209 adapters=302
 compilation: enabled
              stopped_count=0, restarted_count=0
 full_count=0

Compilation events (20 events):
Event: 0.235 Thread 0x000001fee18c9f80  176       3       java.util.HashSet::<init> (16 bytes)
Event: 0.235 Thread 0x000001fee18c9f80 nmethod 176 0x000001fec707df90 code [0x000001fec707e160, 0x000001fec707e558]
Event: 0.235 Thread 0x000001fee18c9f80  178       3       java.util.HashMap::<init> (11 bytes)
Event: 0.235 Thread 0x000001fee18c9f80 nmethod 178 0x000001fec707e710 code [0x000001fec707e8c0, 0x000001fec707ea98]
Event: 0.235 Thread 0x000001fee18c9f80  179       3       java.util.ImmutableCollections$Set12::iterator (9 bytes)
Event: 0.235 Thread 0x000001fee18c9f80 nmethod 179 0x000001fec707eb90 code [0x000001fec707ed40, 0x000001fec707f018]
Event: 0.235 Thread 0x000001fee18c9f80  180       3       java.util.ImmutableCollections$Set12$1::<init> (32 bytes)
Event: 0.235 Thread 0x000001fee18c9f80 nmethod 180 0x000001fec707f110 code [0x000001fec707f2c0, 0x000001fec707f4f8]
Event: 0.235 Thread 0x000001fee18c9f80  174       1       java.lang.module.ModuleDescriptor$Version::toString (5 bytes)
Event: 0.235 Thread 0x000001fee18c9f80 nmethod 174 0x000001feceb2dd90 code [0x000001feceb2df20, 0x000001feceb2dfd8]
Event: 0.236 Thread 0x000001fee18c9f80  181       1       java.lang.module.ModuleDescriptor::isOpen (5 bytes)
Event: 0.236 Thread 0x000001fee18c9f80 nmethod 181 0x000001feceb2e090 code [0x000001feceb2e220, 0x000001feceb2e2f8]
Event: 0.236 Thread 0x000001fee18c9f80  183       3       java.lang.module.ResolvedModule::name (11 bytes)
Event: 0.236 Thread 0x000001fee18c9f80 nmethod 183 0x000001fec707f610 code [0x000001fec707f7c0, 0x000001fec707f918]
Event: 0.236 Thread 0x000001fee18c9f80  182       1       java.lang.module.ResolvedModule::configuration (5 bytes)
Event: 0.236 Thread 0x000001fee18c9f80 nmethod 182 0x000001feceb2e390 code [0x000001feceb2e520, 0x000001feceb2e5d8]
Event: 0.236 Thread 0x000001fee18c9f80  184       1       java.util.HashMap::size (5 bytes)
Event: 0.236 Thread 0x000001fee18c9f80 nmethod 184 0x000001feceb2e690 code [0x000001feceb2e820, 0x000001feceb2e8d8]
Event: 0.236 Thread 0x000001fee18c9f80  185       1       java.lang.module.ModuleDescriptor$Provides::service (5 bytes)
Event: 0.236 Thread 0x000001fee18c9f80 nmethod 185 0x000001feceb2e990 code [0x000001feceb2eb20, 0x000001feceb2ebd8]

GC Heap History (0 events):
No events

Dll operation events (4 events):
Event: 0.011 Loaded shared library C:\Program Files\Java\jdk-19\bin\java.dll
Event: 0.069 Loaded shared library C:\Program Files\Java\jdk-19\bin\jsvml.dll
Event: 0.220 Loaded shared library C:\Program Files\Java\jdk-19\bin\net.dll
Event: 0.222 Loaded shared library C:\Program Files\Java\jdk-19\bin\nio.dll

Deoptimization events (0 events):
No events

Classes loaded (20 events):
Event: 0.232 Loading class jdk/internal/module/ModuleLoaderMap$Mapper done
Event: 0.232 Loading class jdk/internal/module/ModuleLoaderMap$Modules
Event: 0.232 Loading class jdk/internal/module/ModuleLoaderMap$Modules done
Event: 0.236 Loading class jdk/internal/loader/AbstractClassLoaderValue$Memoizer
Event: 0.236 Loading class jdk/internal/loader/AbstractClassLoaderValue$Memoizer done
Event: 0.236 Loading class jdk/internal/module/ServicesCatalog$ServiceProvider
Event: 0.236 Loading class jdk/internal/module/ServicesCatalog$ServiceProvider done
Event: 0.236 Loading class java/util/concurrent/CopyOnWriteArrayList
Event: 0.237 Loading class java/util/concurrent/CopyOnWriteArrayList done
Event: 0.237 Loading class java/lang/ModuleLayer$Controller
Event: 0.237 Loading class java/lang/ModuleLayer$Controller done
Event: 0.237 Loading class jdk/internal/module/ModuleBootstrap$SafeModuleFinder
Event: 0.237 Loading class jdk/internal/module/ModuleBootstrap$SafeModuleFinder done
Event: 0.237 Loading class java/lang/invoke/StringConcatFactory
Event: 0.237 Loading class java/lang/invoke/StringConcatFactory done
Event: 0.238 Loading class jdk/internal/vm/PostVMInitHook
Event: 0.238 Loading class jdk/internal/vm/PostVMInitHook done
Event: 0.238 Loading class java/util/Locale
Event: 0.238 Loading class java/util/Locale done
Event: 0.238 Loading class sun/util/locale/BaseLocale

Classes unloaded (0 events):
No events

Classes redefined (0 events):
No events

Internal exceptions (4 events):
Event: 0.224 Thread 0x000001febf0ffbe0 Exception <a 'sun/nio/fs/WindowsException'{0x000000008ba5f328}> (0x000000008ba5f328) 
thrown [s\open\src\hotspot\share\prims\jni.cpp, line 517]
Event: 0.224 Thread 0x000001febf0ffbe0 Exception <a 'sun/nio/fs/WindowsException'{0x000000008ba5f888}> (0x000000008ba5f888) 
thrown [s\open\src\hotspot\share\prims\jni.cpp, line 517]
Event: 0.225 Thread 0x000001febf0ffbe0 Exception <a 'sun/nio/fs/WindowsException'{0x000000008ba61c98}> (0x000000008ba61c98) 
thrown [s\open\src\hotspot\share\prims\jni.cpp, line 517]
Event: 0.225 Thread 0x000001febf0ffbe0 Exception <a 'sun/nio/fs/WindowsException'{0x000000008ba62790}> (0x000000008ba62790) 
thrown [s\open\src\hotspot\share\prims\jni.cpp, line 517]

VM Operations (2 events):
Event: 0.226 Executing VM operation: HandshakeAllThreads
Event: 0.226 Executing VM operation: HandshakeAllThreads done

Events (12 events):
Event: 0.069 Thread 0x000001febf0ffbe0 Thread added: 0x000001febf0ffbe0
Event: 0.123 Thread 0x000001fedd46d160 Thread added: 0x000001fedd46d160
Event: 0.124 Thread 0x000001fedd46dd50 Thread added: 0x000001fedd46dd50
Event: 0.127 Thread 0x000001fee18a4790 Thread added: 0x000001fee18a4790
Event: 0.127 Thread 0x000001fee188b860 Thread added: 0x000001fee188b860
Event: 0.127 Thread 0x000001fee188c190 Thread added: 0x000001fee188c190
Event: 0.127 Thread 0x000001fee188dce0 Thread added: 0x000001fee188dce0
Event: 0.127 Thread 0x000001fee18a99f0 Thread added: 0x000001fee18a99f0
Event: 0.127 Thread 0x000001fee18c9f80 Thread added: 0x000001fee18c9f80
Event: 0.127 Thread 0x000001fee18ca8f0 Thread added: 0x000001fee18ca8f0
Event: 0.199 Thread 0x000001fee1a69450 Thread added: 0x000001fee1a69450
Event: 0.238 Thread 0x000001fee1b5b190 Thread added: 0x000001fee1b5b190


Dynamic libraries:
0x00007ff7d1d50000 - 0x00007ff7d1d60000 	C:\Program Files\Java\jdk-19\bin\java.exe
0x00007ffa7d9d0000 - 0x00007ffa7dbe7000 	C:\WINDOWS\SYSTEM32\ntdll.dll
0x00007ffa7c160000 - 0x00007ffa7c224000 	C:\WINDOWS\System32\KERNEL32.DLL
0x00007ffa7b350000 - 0x00007ffa7b6fd000 	C:\WINDOWS\System32\KERNELBASE.dll
0x00007ffa7adb0000 - 0x00007ffa7aec1000 	C:\WINDOWS\System32\ucrtbase.dll
0x00007ffa14f70000 - 0x00007ffa14f88000 	C:\Program Files\Java\jdk-19\bin\jli.dll
0x00007ffa720f0000 - 0x00007ffa7210b000 	C:\Program Files\Java\jdk-19\bin\VCRUNTIME140.dll
0x00007ffa7d530000 - 0x00007ffa7d5e2000 	C:\WINDOWS\System32\ADVAPI32.dll
0x00007ffa7d8e0000 - 0x00007ffa7d987000 	C:\WINDOWS\System32\msvcrt.dll
0x00007ffa7c930000 - 0x00007ffa7c9d9000 	C:\WINDOWS\System32\sechost.dll
0x00007ffa7b070000 - 0x00007ffa7b098000 	C:\WINDOWS\System32\bcrypt.dll
0x00007ffa7d330000 - 0x00007ffa7d444000 	C:\WINDOWS\System32\RPCRT4.dll
0x00007ffa7c720000 - 0x00007ffa7c8ce000 	C:\WINDOWS\System32\USER32.dll
0x00007ffa7b0a0000 - 0x00007ffa7b0c6000 	C:\WINDOWS\System32\win32u.dll
0x00007ffa7cf80000 - 0x00007ffa7cfa9000 	C:\WINDOWS\System32\GDI32.dll
0x00007ffa7aed0000 - 0x00007ffa7afe9000 	C:\WINDOWS\System32\gdi32full.dll
0x00007ffa5c180000 - 0x00007ffa5c413000 	C:\WINDOWS\WinSxS\amd64_microsoft.windows.common-controls_6595b64144ccf1df_6.0.22621.3672_none_2713b9d173822955\COMCTL32.dll
0x00007ffa7b0d0000 - 0x00007ffa7b16a000 	C:\WINDOWS\System32\msvcp_win.dll
0x00007ffa71a60000 - 0x00007ffa71a6a000 	C:\WINDOWS\SYSTEM32\VERSION.dll
0x00007ffa7c230000 - 0x00007ffa7c261000 	C:\WINDOWS\System32\IMM32.DLL
0x00007ffa5ccf0000 - 0x00007ffa5ccfc000 	C:\Program Files\Java\jdk-19\bin\vcruntime140_1.dll
0x00007ffa34530000 - 0x00007ffa345be000 	C:\Program Files\Java\jdk-19\bin\msvcp140.dll
0x00007ffa040f0000 - 0x00007ffa04db0000 	C:\Program Files\Java\jdk-19\bin\server\jvm.dll
0x00007ffa50040000 - 0x00007ffa50049000 	C:\WINDOWS\SYSTEM32\WSOCK32.dll
0x00007ffa71f50000 - 0x00007ffa71f84000 	C:\WINDOWS\SYSTEM32\WINMM.dll
0x00007ffa7d450000 - 0x00007ffa7d4c1000 	C:\WINDOWS\System32\WS2_32.dll
0x00007ffa79d20000 - 0x00007ffa79d38000 	C:\WINDOWS\SYSTEM32\kernel.appcore.dll
0x00007ffa59d70000 - 0x00007ffa59d7a000 	C:\Program Files\Java\jdk-19\bin\jimage.dll
0x00007ffa78610000 - 0x00007ffa78842000 	C:\WINDOWS\SYSTEM32\DBGHELP.DLL
0x00007ffa7cae0000 - 0x00007ffa7ce6d000 	C:\WINDOWS\System32\combase.dll
0x00007ffa7d800000 - 0x00007ffa7d8d7000 	C:\WINDOWS\System32\OLEAUT32.dll
0x00007ffa53cc0000 - 0x00007ffa53cf2000 	C:\WINDOWS\SYSTEM32\dbgcore.DLL
0x00007ffa7aff0000 - 0x00007ffa7b06b000 	C:\WINDOWS\System32\bcryptPrimitives.dll
0x00007ffa3bef0000 - 0x00007ffa3bf16000 	C:\Program Files\Java\jdk-19\bin\java.dll
0x00007ffa22460000 - 0x00007ffa22537000 	C:\Program Files\Java\jdk-19\bin\jsvml.dll
0x00007ffa7b860000 - 0x00007ffa7c0c7000 	C:\WINDOWS\System32\SHELL32.dll
0x00007ffa78c40000 - 0x00007ffa7953e000 	C:\WINDOWS\SYSTEM32\windows.storage.dll
0x00007ffa78b00000 - 0x00007ffa78c3f000 	C:\WINDOWS\SYSTEM32\wintypes.dll
0x00007ffa7d600000 - 0x00007ffa7d6f9000 	C:\WINDOWS\System32\SHCORE.dll
0x00007ffa7ce90000 - 0x00007ffa7ceee000 	C:\WINDOWS\System32\shlwapi.dll
0x00007ffa7ac20000 - 0x00007ffa7ac41000 	C:\WINDOWS\SYSTEM32\profapi.dll
0x00007ffa53f20000 - 0x00007ffa53f33000 	C:\Program Files\Java\jdk-19\bin\net.dll
0x00007ffa74e00000 - 0x00007ffa74f36000 	C:\WINDOWS\SYSTEM32\WINHTTP.dll
0x00007ffa7a190000 - 0x00007ffa7a1f9000 	C:\WINDOWS\system32\mswsock.dll
0x00007ffa3e620000 - 0x00007ffa3e636000 	C:\Program Files\Java\jdk-19\bin\nio.dll
0x00007ffa3d810000 - 0x00007ffa3d828000 	C:\Program Files\Java\jdk-19\bin\zip.dll

dbghelp: loaded successfully - version: 4.0.5 - missing functions: none
symbol engine: initialized successfully - sym options: 0x614 - pdb path: .;C:\Program Files\Java\jdk-19\bin;C:\WINDOWS\SYSTEM32;C:\WINDOWS\WinSxS\amd64_microsoft.windows.common-controls_6595b64144ccf1df_6.0.22621.3672_none_2713b9d173822955;C:\Program Files\Java\jdk-19\bin\server

VM Arguments:
jvm_args: -Dfile.encoding=UTF-8 --module-path=C:\Users\Hp\Documents\NetBeansProjects\Bank management system\build\classes 
java_command: bank.management.system.Login
java_class_path (initial): D:\JAVA\jcalendar-tz-1.3.3-4.jar;D:\JAVA\mysql-connector-java-8.0.28.jar;C:\Users\Hp\Documents\NetBeansProjects\Bank management system\build\classes
Launcher Type: SUN_STANDARD

[Global flags]
     intx CICompilerCount                          = 4                                         {product} {ergonomic}
     uint ConcGCThreads                            = 2                                         {product} {ergonomic}
     uint G1ConcRefinementThreads                  = 8                                         {product} {ergonomic}
   size_t G1HeapRegionSize                         = 1048576                                   {product} {ergonomic}
    uintx GCDrainStackTargetSize                   = 64                                        {product} {ergonomic}
   size_t InitialHeapSize                          = 130023424                                 {product} {ergonomic}
   size_t MarkStackSize                            = 4194304                                   {product} {ergonomic}
   size_t MaxHeapSize                              = 2080374784                                {product} {ergonomic}
   size_t MaxNewSize                               = 1247805440                                {product} {ergonomic}
   size_t MinHeapDeltaBytes                        = 1048576                                   {product} {ergonomic}
   size_t MinHeapSize                              = 8388608                                   {product} {ergonomic}
    uintx NonNMethodCodeHeapSize                   = 5839372                                {pd product} {ergonomic}
    uintx NonProfiledCodeHeapSize                  = 122909434                              {pd product} {ergonomic}
    uintx ProfiledCodeHeapSize                     = 122909434                              {pd product} {ergonomic}
    uintx ReservedCodeCacheSize                    = 251658240                              {pd product} {ergonomic}
     bool SegmentedCodeCache                       = true                                      {product} {ergonomic}
   size_t SoftMaxHeapSize                          = 2080374784                             {manageable} {ergonomic}
     bool UseCompressedClassPointers               = true                           {product lp64_product} {ergonomic}
     bool UseCompressedOops                        = true                           {product lp64_product} {ergonomic}
     bool UseG1GC                                  = true                                      {product} {ergonomic}
     bool UseLargePagesIndividualAllocation        = false                                  {pd product} {ergonomic}

Logging:
Log output configuration:
 #0: stdout all=warning uptime,level,tags foldmultilines=false
 #1: stderr all=off uptime,level,tags foldmultilines=false

Environment Variables:
JAVA_HOME=C:\Program Files\Java\jdk-19
PATH=C:\Program Files\Java\jdk-19\bin;C:\MinGW\bin;C:\Program Files\Microsoft VS Code\bin;C:\Program Files\MySQL\MySQL Server 8.0\bin;C:\Program Files\nodejs\;C:\Program Files\MongoDB\Server\7.0\bin;C:\Program Files\mongosh-2.2.3-win32-x64\bin;C:\Users\Hp\AppData\Local\Programs\Python\Python312\Scripts\;C:\Users\Hp\AppData\Local\Programs\Python\Python312\;C:\Program Files\MySQL\MySQL Shell 8.0\bin\;C:\Users\Hp\AppData\Local\Programs\Python\Python310\Scripts\;C:\Users\Hp\AppData\Local\Programs\Python\Python310\;C:\Users\Hp\AppData\Local\Microsoft\WindowsApps;C:\Users\Hp\.dotnet\tools;C:\ProgramData\Hp\atom\bin;C:\Users\Hp\AppData\Local\hyper\app-3.0.2\resources\bin;C:\Users\Hp\AppData\Local\Microsoft\WindowsApps;C:\Program Files\MongoDB\Server\5.0\bin;C:\Users\Hp\AppData\Local\atom\atom.exe;C:\Program Files\JetBrains\IntelliJ IDEA Community Edition 2022.2.2\bin;C:\Program Files\heroku\bin;C:\Users\Hp\AppData\Roaming\npm;C:\Program Files\MongoDB\Server\7.0\bin;C:\Users\Hp\AppData\Local\Programs\mongosh\;C:\Program Files\JetBrains\PyCharm 2024.1.4\bin
USERNAME=Hp
OS=Windows_NT
PROCESSOR_IDENTIFIER=Intel64 Family 6 Model 140 Stepping 1, GenuineIntel
TMP=C:\Users\Hp\AppData\Local\Temp
TEMP=C:\Users\Hp\AppData\Local\Temp



---------------  S Y S T E M  ---------------

OS:
 Windows 11 , 64 bit Build 22621 (10.0.22621.3958)
OS uptime: 5 days 16:53 hours

CPU: total 8 (initial active 8) (4 cores per cpu, 2 threads per core) family 6 model 140 stepping 1 microcode 0xac, cx8, cmov, fxsr, ht, mmx, 3dnowpref, sse, sse2, sse3, ssse3, sse4.1, sse4.2, popcnt, lzcnt, tsc, tscinvbit, avx, avx2, aes, erms, clmul, bmi1, bmi2, adx, avx512f, avx512dq, avx512cd, avx512bw, avx512vl, sha, fma, vzeroupper, avx512_vpopcntdq, avx512_vpclmulqdq, avx512_vaes, avx512_vnni, clflush, clflushopt, clwb, avx512_vbmi2, avx512_vbmi, rdtscp, rdpid, fsrm, gfni, avx512_bitalg

Memory: 4k page, system-wide physical 7932M (508M free)
TotalPageFile size 31379M (AvailPageFile size 0M)
current process WorkingSet (physical memory assigned to process): 35M, peak: 35M
current process commit charge ("private bytes"): 204M, peak: 204M

vm_info: Java HotSpot(TM) 64-Bit Server VM (19+36-2238) for windows-amd64 JRE (19+36-2238), built on 2022-08-12T20:29:01Z by "mach5one" with MS VC++ 17.1 (VS2022)

END.
