#
# There is insufficient memory for the Java Runtime Environment to continue.
# Native memory allocation (malloc) failed to allocate 131088 bytes for Chunk::new
# Possible reasons:
#   The system is out of physical RAM or swap space
#   The process is running with CompressedOops enabled, and the Java Heap may be blocking the growth of the native heap
# Possible solutions:
#   Reduce memory load on the system
#   Increase physical memory or swap space
#   Check if swap backing store is full
#   Decrease Java heap size (-Xmx/-Xms)
#   Decrease number of Java threads
#   Decrease Java thread stack sizes (-Xss)
#   Set larger code cache with -XX:ReservedCodeCacheSize=
#   JVM is running with Unscaled Compressed Oops mode in which the Java heap is
#     placed in the first 4GB address space. The Java Heap base address is the
#     maximum limit for the native heap growth. Please use -XX:HeapBaseMinAddress
#     to set the Java Heap base and to place the Java Heap above 4GB virtual address.
# This output file may be truncated or incomplete.
#
#  Out of Memory Error (arena.cpp:184), pid=3488, tid=22404
#
# JRE version: Java(TM) SE Runtime Environment (19.0+36) (build 19+36-2238)
# Java VM: Java HotSpot(TM) 64-Bit Server VM (19+36-2238, mixed mode, sharing, tiered, compressed oops, compressed class ptrs, g1 gc, windows-amd64)
# No core dump will be written. Minidumps are not enabled by default on client versions of Windows
#

---------------  S U M M A R Y ------------

Command Line: -Dfile.encoding=UTF-8 --module-path=C:\Users\Hp\Documents\NetBeansProjects\Bank management system\build\classes bank.management.system.Login

Host: 11th Gen Intel(R) Core(TM) i3-1125G4 @ 2.00GHz, 8 cores, 7G,  Windows 11 , 64 bit Build 22621 (10.0.22621.3958)
Time: Mon Aug 12 15:11:54 2024 India Standard Time elapsed time: 31.461608 seconds (0d 0h 0m 31s)

---------------  T H R E A D  ---------------

Current thread (0x000001cdb5ca7810):  JavaThread "C2 CompilerThread1" daemon [_thread_in_native, id=22404, stack(0x000000963d900000,0x000000963da00000)]


Current CompileTask:
C2:  31461 2986       4       sun.security.ec.ECOperations::setDouble (559 bytes)

Stack: [0x000000963d900000,0x000000963da00000]
Native frames: (J=compiled Java code, j=interpreted, Vv=VM code, C=native code)
V  [jvm.dll+0x6ee8fa]
V  [jvm.dll+0x857a1e]
V  [jvm.dll+0x85940e]
V  [jvm.dll+0x859ac3]
V  [jvm.dll+0x28291f]
V  [jvm.dll+0xc9b5f]
V  [jvm.dll+0xc9ee5]
V  [jvm.dll+0x7159b5]
V  [jvm.dll+0x715de3]
V  [jvm.dll+0x71764b]
V  [jvm.dll+0x71639a]
V  [jvm.dll+0x24d27c]
V  [jvm.dll+0x24b563]
V  [jvm.dll+0x1d6d61]
V  [jvm.dll+0x25b0fa]
V  [jvm.dll+0x259588]
V  [jvm.dll+0x807928]
V  [jvm.dll+0x8015fa]
V  [jvm.dll+0x6ed5eb]
C  [ucrtbase.dll+0x29333]
C  [KERNEL32.DLL+0x1257d]
C  [ntdll.dll+0x5af28]


---------------  P R O C E S S  ---------------

Threads class SMR info:
_java_thread_list=0x000001cdb46823d0, length=19, elements={
0x000001cdaefda2b0, 0x000001cdaefdaea0, 0x000001cdaefdd5a0, 0x000001cdaefde320,
0x000001cdaefdeee0, 0x000001cdaefebad0, 0x000001cdaefed3d0, 0x000001cdaefee960,
0x000001cdaf01ce80, 0x000001cdb34d0870, 0x000001cdb3543ed0, 0x000001cdb3743a00,
0x000001cdb37364d0, 0x000001cdb374d8e0, 0x000001cdb46a89c0, 0x000001cd909808c0,
0x000001cdb5e36090, 0x000001cdb5e365e0, 0x000001cdb5ca7810
}

Java Threads: ( => current thread )
  0x000001cdaefda2b0 JavaThread "Reference Handler" daemon [_thread_blocked, id=41392, stack(0x000000963c900000,0x000000963ca00000)]
  0x000001cdaefdaea0 JavaThread "Finalizer" daemon [_thread_blocked, id=22068, stack(0x000000963ca00000,0x000000963cb00000)]
  0x000001cdaefdd5a0 JavaThread "Signal Dispatcher" daemon [_thread_blocked, id=33104, stack(0x000000963cb00000,0x000000963cc00000)]
  0x000001cdaefde320 JavaThread "Attach Listener" daemon [_thread_blocked, id=38384, stack(0x000000963cc00000,0x000000963cd00000)]
  0x000001cdaefdeee0 JavaThread "Service Thread" daemon [_thread_blocked, id=19100, stack(0x000000963cd00000,0x000000963ce00000)]
  0x000001cdaefebad0 JavaThread "Monitor Deflation Thread" daemon [_thread_blocked, id=41308, stack(0x000000963ce00000,0x000000963cf00000)]
  0x000001cdaefed3d0 JavaThread "C2 CompilerThread0" daemon [_thread_blocked, id=14384, stack(0x000000963cf00000,0x000000963d000000)]
  0x000001cdaefee960 JavaThread "C1 CompilerThread0" daemon [_thread_blocked, id=41196, stack(0x000000963d000000,0x000000963d100000)]
  0x000001cdaf01ce80 JavaThread "Sweeper thread" daemon [_thread_blocked, id=32780, stack(0x000000963d100000,0x000000963d200000)]
  0x000001cdb34d0870 JavaThread "Common-Cleaner" daemon [_thread_blocked, id=8456, stack(0x000000963d200000,0x000000963d300000)]
  0x000001cdb3543ed0 JavaThread "Notification Thread" daemon [_thread_blocked, id=33160, stack(0x000000963d300000,0x000000963d400000)]
  0x000001cdb3743a00 JavaThread "Java2D Disposer" daemon [_thread_blocked, id=31036, stack(0x000000963d600000,0x000000963d700000)]
  0x000001cdb37364d0 JavaThread "AWT-Shutdown" [_thread_blocked, id=37156, stack(0x000000963d700000,0x000000963d800000)]
  0x000001cdb374d8e0 JavaThread "AWT-Windows" daemon [_thread_in_native, id=32828, stack(0x000000963d800000,0x000000963d900000)]
  0x000001cdb46a89c0 JavaThread "AWT-EventQueue-0" [_thread_in_native, id=25644, stack(0x000000963da00000,0x000000963db00000)]
  0x000001cd909808c0 JavaThread "DestroyJavaVM" [_thread_blocked, id=33740, stack(0x000000963c200000,0x000000963c300000)]
  0x000001cdb5e36090 JavaThread "TimerQueue" daemon [_thread_blocked, id=24400, stack(0x000000963de00000,0x000000963df00000)]
  0x000001cdb5e365e0 JavaThread "mysql-cj-abandoned-connection-cleanup" daemon [_thread_blocked, id=41552, stack(0x000000963d500000,0x000000963d600000)]
=>0x000001cdb5ca7810 JavaThread "C2 CompilerThread1" daemon [_thread_in_native, id=22404, stack(0x000000963d900000,0x000000963da00000)]

Other Threads:
  0x000001cdaefbe180 VMThread "VM Thread" [stack: 0x000000963c800000,0x000000963c900000] [id=41616]
  0x000001cdb3563400 WatcherThread "VM Periodic Task Thread" [stack: 0x000000963d400000,0x000000963d500000] [id=36912]
  0x000001cd909e0250 WorkerThread "GC Thread#0" [stack: 0x000000963c300000,0x000000963c400000] [id=34804]
  0x000001cdb4724b10 WorkerThread "GC Thread#1" [stack: 0x000000963df00000,0x000000963e000000] [id=41504]
  0x000001cdb4723a30 WorkerThread "GC Thread#2" [stack: 0x000000963e000000,0x000000963e100000] [id=41776]
  0x000001cdb4724840 WorkerThread "GC Thread#3" [stack: 0x000000963e100000,0x000000963e200000] [id=37256]
  0x000001cdb47231c0 WorkerThread "GC Thread#4" [stack: 0x000000963e200000,0x000000963e300000] [id=13724]
  0x000001cdb4723490 WorkerThread "GC Thread#5" [stack: 0x000000963e300000,0x000000963e400000] [id=41236]
  0x000001cdb4723d00 WorkerThread "GC Thread#6" [stack: 0x000000963e400000,0x000000963e500000] [id=41292]
  0x000001cdb4723fd0 WorkerThread "GC Thread#7" [stack: 0x000000963e500000,0x000000963e600000] [id=31208]
  0x000001cd909f09b0 ConcurrentGCThread "G1 Main Marker" [stack: 0x000000963c400000,0x000000963c500000] [id=27028]
  0x000001cd909f1580 WorkerThread "G1 Conc#0" [stack: 0x000000963c500000,0x000000963c600000] [id=41472]
  0x000001cdaee79910 ConcurrentGCThread "G1 Refine#0" [stack: 0x000000963c600000,0x000000963c700000] [id=29612]
  0x000001cdaee7a450 ConcurrentGCThread "G1 Service" [stack: 0x000000963c700000,0x000000963c800000] [id=15548]

Threads with active compile tasks:
C2 CompilerThread1    31481 2986       4       sun.security.ec.ECOperations::setDouble (559 bytes)

VM state: not at safepoint (normal execution)

VM Mutex/Monitor currently owned by a thread: None

Heap address: 0x0000000084000000, size: 1984 MB, Compressed Oops mode: 32-bit

CDS archive(s) mapped at: [0x0000000800000000-0x0000000800c40000-0x0000000800c40000), size 12845056, SharedBaseAddress: 0x0000000800000000, ArchiveRelocationMode: 0.
Compressed class space mapped at: 0x0000000801000000-0x0000000841000000, reserved size: 1073741824
Narrow klass base: 0x0000000800000000, Narrow klass shift: 0, Narrow klass range: 0x100000000

GC Precious Log:
 CardTable entry size: 512
 Card Set container configuration: InlinePtr #cards 5 size 8 Array Of Cards #cards 12 size 40 Howl #buckets 4 coarsen threshold 1843 Howl Bitmap #cards 512 size 80 coarsen threshold 460 Card regions per heap region 1 cards per card region 2048
 CPUs: 8 total, 8 available
 Memory: 7932M
 Large Page Support: Disabled
 NUMA Support: Disabled
 Compressed Oops: Enabled (32-bit)
 Heap Region Size: 1M
 Heap Min Capacity: 8M
 Heap Initial Capacity: 124M
 Heap Max Capacity: 1984M
 Pre-touch: Disabled
 Parallel Workers: 8
 Concurrent Workers: 2
 Concurrent Refinement Workers: 8
 Periodic GC: Disabled

Heap:
 garbage-first heap   total 126976K, used 34731K [0x0000000084000000, 0x0000000100000000)
  region size 1024K, 10 young (10240K), 4 survivors (4096K)
 Metaspace       used 20108K, committed 20416K, reserved 1114112K
  class space    used 2117K, committed 2240K, reserved 1048576K

Heap Regions: E=young(eden), S=young(survivor), O=old, HS=humongous(starts), HC=humongous(continues), CS=collection set, F=free, OA=open archive, CA=closed archive, TAMS=top-at-mark-start (previous, next)
|   0|0x0000000084000000, 0x0000000084100000, 0x0000000084100000|100%|HS|  |TAMS 0x0000000084000000, 0x0000000084000000| Complete 
|   1|0x0000000084100000, 0x0000000084200000, 0x0000000084200000|100%|HC|  |TAMS 0x0000000084100000, 0x0000000084100000| Complete 
|   2|0x0000000084200000, 0x0000000084300000, 0x0000000084300000|100%| O|  |TAMS 0x0000000084200000, 0x0000000084200000| Untracked 
|   3|0x0000000084300000, 0x0000000084400000, 0x0000000084400000|100%| O|  |TAMS 0x0000000084300000, 0x0000000084300000| Untracked 
|   4|0x0000000084400000, 0x0000000084500000, 0x0000000084500000|100%| O|  |TAMS 0x0000000084400000, 0x0000000084400000| Untracked 
|   5|0x0000000084500000, 0x0000000084600000, 0x0000000084600000|100%|HS|  |TAMS 0x0000000084500000, 0x0000000084500000| Complete 
|   6|0x0000000084600000, 0x0000000084700000, 0x0000000084700000|100%|HC|  |TAMS 0x0000000084600000, 0x0000000084600000| Complete 
|   7|0x0000000084700000, 0x0000000084800000, 0x0000000084800000|100%|HC|  |TAMS 0x0000000084700000, 0x0000000084700000| Complete 
|   8|0x0000000084800000, 0x0000000084900000, 0x0000000084900000|100%|HC|  |TAMS 0x0000000084800000, 0x0000000084800000| Complete 
|   9|0x0000000084900000, 0x0000000084a00000, 0x0000000084a00000|100%|HS|  |TAMS 0x0000000084900000, 0x0000000084900000| Complete 
|  10|0x0000000084a00000, 0x0000000084b00000, 0x0000000084b00000|100%|HC|  |TAMS 0x0000000084a00000, 0x0000000084a00000| Complete 
|  11|0x0000000084b00000, 0x0000000084c00000, 0x0000000084c00000|100%|HC|  |TAMS 0x0000000084b00000, 0x0000000084b00000| Complete 
|  12|0x0000000084c00000, 0x0000000084d00000, 0x0000000084d00000|100%|HC|  |TAMS 0x0000000084c00000, 0x0000000084c00000| Complete 
|  13|0x0000000084d00000, 0x0000000084e00000, 0x0000000084e00000|100%|HS|  |TAMS 0x0000000084d00000, 0x0000000084d00000| Complete 
|  14|0x0000000084e00000, 0x0000000084f00000, 0x0000000084f00000|100%|HC|  |TAMS 0x0000000084e00000, 0x0000000084e00000| Complete 
|  15|0x0000000084f00000, 0x0000000085000000, 0x0000000085000000|100%|HC|  |TAMS 0x0000000084f00000, 0x0000000084f00000| Complete 
|  16|0x0000000085000000, 0x0000000085100000, 0x0000000085100000|100%|HS|  |TAMS 0x0000000085000000, 0x0000000085000000| Complete 
|  17|0x0000000085100000, 0x0000000085200000, 0x0000000085200000|100%|HC|  |TAMS 0x0000000085100000, 0x0000000085100000| Complete 
|  18|0x0000000085200000, 0x0000000085300000, 0x0000000085300000|100%|HC|  |TAMS 0x0000000085200000, 0x0000000085200000| Complete 
|  19|0x0000000085300000, 0x0000000085400000, 0x0000000085400000|100%|HC|  |TAMS 0x0000000085300000, 0x0000000085300000| Complete 
|  20|0x0000000085400000, 0x0000000085500000, 0x0000000085500000|100%|HS|  |TAMS 0x0000000085400000, 0x0000000085400000| Complete 
|  21|0x0000000085500000, 0x0000000085600000, 0x0000000085600000|100%|HC|  |TAMS 0x0000000085500000, 0x0000000085500000| Complete 
|  22|0x0000000085600000, 0x0000000085700000, 0x0000000085700000|100%|HC|  |TAMS 0x0000000085600000, 0x0000000085600000| Complete 
|  23|0x0000000085700000, 0x0000000085800000, 0x0000000085800000|100%|HC|  |TAMS 0x0000000085700000, 0x0000000085700000| Complete 
|  24|0x0000000085800000, 0x0000000085900000, 0x0000000085900000|100%| O|  |TAMS 0x0000000085800000, 0x0000000085800000| Untracked 
|  25|0x0000000085900000, 0x00000000859ca200, 0x0000000085a00000| 78%| O|  |TAMS 0x0000000085900000, 0x0000000085900000| Untracked 
|  26|0x0000000085a00000, 0x0000000085a00000, 0x0000000085b00000|  0%| F|  |TAMS 0x0000000085a00000, 0x0000000085a00000| Untracked 
|  27|0x0000000085b00000, 0x0000000085b00000, 0x0000000085c00000|  0%| F|  |TAMS 0x0000000085b00000, 0x0000000085b00000| Untracked 
|  28|0x0000000085c00000, 0x0000000085c00000, 0x0000000085d00000|  0%| F|  |TAMS 0x0000000085c00000, 0x0000000085c00000| Untracked 
|  29|0x0000000085d00000, 0x0000000085d00000, 0x0000000085e00000|  0%| F|  |TAMS 0x0000000085d00000, 0x0000000085d00000| Untracked 
|  30|0x0000000085e00000, 0x0000000085e00000, 0x0000000085f00000|  0%| F|  |TAMS 0x0000000085e00000, 0x0000000085e00000| Untracked 
|  31|0x0000000085f00000, 0x0000000085f00000, 0x0000000086000000|  0%| F|  |TAMS 0x0000000085f00000, 0x0000000085f00000| Untracked 
|  32|0x0000000086000000, 0x0000000086000000, 0x0000000086100000|  0%| F|  |TAMS 0x0000000086000000, 0x0000000086000000| Untracked 
|  33|0x0000000086100000, 0x0000000086100000, 0x0000000086200000|  0%| F|  |TAMS 0x0000000086100000, 0x0000000086100000| Untracked 
|  34|0x0000000086200000, 0x0000000086200000, 0x0000000086300000|  0%| F|  |TAMS 0x0000000086200000, 0x0000000086200000| Untracked 
|  35|0x0000000086300000, 0x0000000086300000, 0x0000000086400000|  0%| F|  |TAMS 0x0000000086300000, 0x0000000086300000| Untracked 
|  36|0x0000000086400000, 0x0000000086400000, 0x0000000086500000|  0%| F|  |TAMS 0x0000000086400000, 0x0000000086400000| Untracked 
|  37|0x0000000086500000, 0x0000000086500000, 0x0000000086600000|  0%| F|  |TAMS 0x0000000086500000, 0x0000000086500000| Untracked 
|  38|0x0000000086600000, 0x0000000086600000, 0x0000000086700000|  0%| F|  |TAMS 0x0000000086600000, 0x0000000086600000| Untracked 
|  39|0x0000000086700000, 0x0000000086700000, 0x0000000086800000|  0%| F|  |TAMS 0x0000000086700000, 0x0000000086700000| Untracked 
|  40|0x0000000086800000, 0x0000000086800000, 0x0000000086900000|  0%| F|  |TAMS 0x0000000086800000, 0x0000000086800000| Untracked 
|  41|0x0000000086900000, 0x0000000086900000, 0x0000000086a00000|  0%| F|  |TAMS 0x0000000086900000, 0x0000000086900000| Untracked 
|  42|0x0000000086a00000, 0x0000000086a00000, 0x0000000086b00000|  0%| F|  |TAMS 0x0000000086a00000, 0x0000000086a00000| Untracked 
|  43|0x0000000086b00000, 0x0000000086b00000, 0x0000000086c00000|  0%| F|  |TAMS 0x0000000086b00000, 0x0000000086b00000| Untracked 
|  44|0x0000000086c00000, 0x0000000086c00000, 0x0000000086d00000|  0%| F|  |TAMS 0x0000000086c00000, 0x0000000086c00000| Untracked 
|  45|0x0000000086d00000, 0x0000000086d00000, 0x0000000086e00000|  0%| F|  |TAMS 0x0000000086d00000, 0x0000000086d00000| Untracked 
|  46|0x0000000086e00000, 0x0000000086e00000, 0x0000000086f00000|  0%| F|  |TAMS 0x0000000086e00000, 0x0000000086e00000| Untracked 
|  47|0x0000000086f00000, 0x0000000086f00000, 0x0000000087000000|  0%| F|  |TAMS 0x0000000086f00000, 0x0000000086f00000| Untracked 
|  48|0x0000000087000000, 0x0000000087000000, 0x0000000087100000|  0%| F|  |TAMS 0x0000000087000000, 0x0000000087000000| Untracked 
|  49|0x0000000087100000, 0x0000000087100000, 0x0000000087200000|  0%| F|  |TAMS 0x0000000087100000, 0x0000000087100000| Untracked 
|  50|0x0000000087200000, 0x0000000087200000, 0x0000000087300000|  0%| F|  |TAMS 0x0000000087200000, 0x0000000087200000| Untracked 
|  51|0x0000000087300000, 0x0000000087300000, 0x0000000087400000|  0%| F|  |TAMS 0x0000000087300000, 0x0000000087300000| Untracked 
|  52|0x0000000087400000, 0x0000000087400000, 0x0000000087500000|  0%| F|  |TAMS 0x0000000087400000, 0x0000000087400000| Untracked 
|  53|0x0000000087500000, 0x0000000087500000, 0x0000000087600000|  0%| F|  |TAMS 0x0000000087500000, 0x0000000087500000| Untracked 
|  54|0x0000000087600000, 0x0000000087600000, 0x0000000087700000|  0%| F|  |TAMS 0x0000000087600000, 0x0000000087600000| Untracked 
|  55|0x0000000087700000, 0x0000000087700000, 0x0000000087800000|  0%| F|  |TAMS 0x0000000087700000, 0x0000000087700000| Untracked 
|  56|0x0000000087800000, 0x0000000087800000, 0x0000000087900000|  0%| F|  |TAMS 0x0000000087800000, 0x0000000087800000| Untracked 
|  57|0x0000000087900000, 0x0000000087900000, 0x0000000087a00000|  0%| F|  |TAMS 0x0000000087900000, 0x0000000087900000| Untracked 
|  58|0x0000000087a00000, 0x0000000087a00000, 0x0000000087b00000|  0%| F|  |TAMS 0x0000000087a00000, 0x0000000087a00000| Untracked 
|  59|0x0000000087b00000, 0x0000000087b00000, 0x0000000087c00000|  0%| F|  |TAMS 0x0000000087b00000, 0x0000000087b00000| Untracked 
|  60|0x0000000087c00000, 0x0000000087c00000, 0x0000000087d00000|  0%| F|  |TAMS 0x0000000087c00000, 0x0000000087c00000| Untracked 
|  61|0x0000000087d00000, 0x0000000087d00000, 0x0000000087e00000|  0%| F|  |TAMS 0x0000000087d00000, 0x0000000087d00000| Untracked 
|  62|0x0000000087e00000, 0x0000000087e00000, 0x0000000087f00000|  0%| F|  |TAMS 0x0000000087e00000, 0x0000000087e00000| Untracked 
|  63|0x0000000087f00000, 0x0000000087f00000, 0x0000000088000000|  0%| F|  |TAMS 0x0000000087f00000, 0x0000000087f00000| Untracked 
|  64|0x0000000088000000, 0x0000000088000000, 0x0000000088100000|  0%| F|  |TAMS 0x0000000088000000, 0x0000000088000000| Untracked 
|  65|0x0000000088100000, 0x0000000088100000, 0x0000000088200000|  0%| F|  |TAMS 0x0000000088100000, 0x0000000088100000| Untracked 
|  66|0x0000000088200000, 0x0000000088200000, 0x0000000088300000|  0%| F|  |TAMS 0x0000000088200000, 0x0000000088200000| Untracked 
|  67|0x0000000088300000, 0x0000000088300000, 0x0000000088400000|  0%| F|  |TAMS 0x0000000088300000, 0x0000000088300000| Untracked 
|  68|0x0000000088400000, 0x0000000088400000, 0x0000000088500000|  0%| F|  |TAMS 0x0000000088400000, 0x0000000088400000| Untracked 
|  69|0x0000000088500000, 0x0000000088500000, 0x0000000088600000|  0%| F|  |TAMS 0x0000000088500000, 0x0000000088500000| Untracked 
|  70|0x0000000088600000, 0x0000000088600000, 0x0000000088700000|  0%| F|  |TAMS 0x0000000088600000, 0x0000000088600000| Untracked 
|  71|0x0000000088700000, 0x0000000088700000, 0x0000000088800000|  0%| F|  |TAMS 0x0000000088700000, 0x0000000088700000| Untracked 
|  72|0x0000000088800000, 0x0000000088800000, 0x0000000088900000|  0%| F|  |TAMS 0x0000000088800000, 0x0000000088800000| Untracked 
|  73|0x0000000088900000, 0x0000000088900000, 0x0000000088a00000|  0%| F|  |TAMS 0x0000000088900000, 0x0000000088900000| Untracked 
|  74|0x0000000088a00000, 0x0000000088a00000, 0x0000000088b00000|  0%| F|  |TAMS 0x0000000088a00000, 0x0000000088a00000| Untracked 
|  75|0x0000000088b00000, 0x0000000088b00000, 0x0000000088c00000|  0%| F|  |TAMS 0x0000000088b00000, 0x0000000088b00000| Untracked 
|  76|0x0000000088c00000, 0x0000000088c00000, 0x0000000088d00000|  0%| F|  |TAMS 0x0000000088c00000, 0x0000000088c00000| Untracked 
|  77|0x0000000088d00000, 0x0000000088d00000, 0x0000000088e00000|  0%| F|  |TAMS 0x0000000088d00000, 0x0000000088d00000| Untracked 
|  78|0x0000000088e00000, 0x0000000088e00000, 0x0000000088f00000|  0%| F|  |TAMS 0x0000000088e00000, 0x0000000088e00000| Untracked 
|  79|0x0000000088f00000, 0x0000000088f00000, 0x0000000089000000|  0%| F|  |TAMS 0x0000000088f00000, 0x0000000088f00000| Untracked 
|  80|0x0000000089000000, 0x0000000089000000, 0x0000000089100000|  0%| F|  |TAMS 0x0000000089000000, 0x0000000089000000| Untracked 
|  81|0x0000000089100000, 0x0000000089100000, 0x0000000089200000|  0%| F|  |TAMS 0x0000000089100000, 0x0000000089100000| Untracked 
|  82|0x0000000089200000, 0x0000000089200000, 0x0000000089300000|  0%| F|  |TAMS 0x0000000089200000, 0x0000000089200000| Untracked 
|  83|0x0000000089300000, 0x0000000089300000, 0x0000000089400000|  0%| F|  |TAMS 0x0000000089300000, 0x0000000089300000| Untracked 
|  84|0x0000000089400000, 0x0000000089400000, 0x0000000089500000|  0%| F|  |TAMS 0x0000000089400000, 0x0000000089400000| Untracked 
|  85|0x0000000089500000, 0x0000000089500000, 0x0000000089600000|  0%| F|  |TAMS 0x0000000089500000, 0x0000000089500000| Untracked 
|  86|0x0000000089600000, 0x0000000089600000, 0x0000000089700000|  0%| F|  |TAMS 0x0000000089600000, 0x0000000089600000| Untracked 
|  87|0x0000000089700000, 0x0000000089700000, 0x0000000089800000|  0%| F|  |TAMS 0x0000000089700000, 0x0000000089700000| Untracked 
|  88|0x0000000089800000, 0x0000000089820c90, 0x0000000089900000| 12%| S|CS|TAMS 0x0000000089800000, 0x0000000089800000| Complete 
|  89|0x0000000089900000, 0x0000000089a00000, 0x0000000089a00000|100%| S|CS|TAMS 0x0000000089900000, 0x0000000089900000| Complete 
|  90|0x0000000089a00000, 0x0000000089b00000, 0x0000000089b00000|100%| S|CS|TAMS 0x0000000089a00000, 0x0000000089a00000| Complete 
|  91|0x0000000089b00000, 0x0000000089c00000, 0x0000000089c00000|100%| S|CS|TAMS 0x0000000089b00000, 0x0000000089b00000| Complete 
|  92|0x0000000089c00000, 0x0000000089c00000, 0x0000000089d00000|  0%| F|  |TAMS 0x0000000089c00000, 0x0000000089c00000| Untracked 
|  93|0x0000000089d00000, 0x0000000089d00000, 0x0000000089e00000|  0%| F|  |TAMS 0x0000000089d00000, 0x0000000089d00000| Untracked 
|  94|0x0000000089e00000, 0x0000000089e00000, 0x0000000089f00000|  0%| F|  |TAMS 0x0000000089e00000, 0x0000000089e00000| Untracked 
|  95|0x0000000089f00000, 0x0000000089f00000, 0x000000008a000000|  0%| F|  |TAMS 0x0000000089f00000, 0x0000000089f00000| Untracked 
|  96|0x000000008a000000, 0x000000008a000000, 0x000000008a100000|  0%| F|  |TAMS 0x000000008a000000, 0x000000008a000000| Untracked 
|  97|0x000000008a100000, 0x000000008a100000, 0x000000008a200000|  0%| F|  |TAMS 0x000000008a100000, 0x000000008a100000| Untracked 
|  98|0x000000008a200000, 0x000000008a200000, 0x000000008a300000|  0%| F|  |TAMS 0x000000008a200000, 0x000000008a200000| Untracked 
|  99|0x000000008a300000, 0x000000008a300000, 0x000000008a400000|  0%| F|  |TAMS 0x000000008a300000, 0x000000008a300000| Untracked 
| 100|0x000000008a400000, 0x000000008a400000, 0x000000008a500000|  0%| F|  |TAMS 0x000000008a400000, 0x000000008a400000| Untracked 
| 101|0x000000008a500000, 0x000000008a500000, 0x000000008a600000|  0%| F|  |TAMS 0x000000008a500000, 0x000000008a500000| Untracked 
| 102|0x000000008a600000, 0x000000008a600000, 0x000000008a700000|  0%| F|  |TAMS 0x000000008a600000, 0x000000008a600000| Untracked 
| 103|0x000000008a700000, 0x000000008a700000, 0x000000008a800000|  0%| F|  |TAMS 0x000000008a700000, 0x000000008a700000| Untracked 
| 104|0x000000008a800000, 0x000000008a800000, 0x000000008a900000|  0%| F|  |TAMS 0x000000008a800000, 0x000000008a800000| Untracked 
| 105|0x000000008a900000, 0x000000008a900000, 0x000000008aa00000|  0%| F|  |TAMS 0x000000008a900000, 0x000000008a900000| Untracked 
| 106|0x000000008aa00000, 0x000000008aa00000, 0x000000008ab00000|  0%| F|  |TAMS 0x000000008aa00000, 0x000000008aa00000| Untracked 
| 107|0x000000008ab00000, 0x000000008ab00000, 0x000000008ac00000|  0%| F|  |TAMS 0x000000008ab00000, 0x000000008ab00000| Untracked 
| 108|0x000000008ac00000, 0x000000008ac00000, 0x000000008ad00000|  0%| F|  |TAMS 0x000000008ac00000, 0x000000008ac00000| Untracked 
| 109|0x000000008ad00000, 0x000000008ad00000, 0x000000008ae00000|  0%| F|  |TAMS 0x000000008ad00000, 0x000000008ad00000| Untracked 
| 110|0x000000008ae00000, 0x000000008ae00000, 0x000000008af00000|  0%| F|  |TAMS 0x000000008ae00000, 0x000000008ae00000| Untracked 
| 111|0x000000008af00000, 0x000000008af00000, 0x000000008b000000|  0%| F|  |TAMS 0x000000008af00000, 0x000000008af00000| Untracked 
| 112|0x000000008b000000, 0x000000008b000000, 0x000000008b100000|  0%| F|  |TAMS 0x000000008b000000, 0x000000008b000000| Untracked 
| 113|0x000000008b100000, 0x000000008b100000, 0x000000008b200000|  0%| F|  |TAMS 0x000000008b100000, 0x000000008b100000| Untracked 
| 114|0x000000008b200000, 0x000000008b200000, 0x000000008b300000|  0%| F|  |TAMS 0x000000008b200000, 0x000000008b200000| Untracked 
| 115|0x000000008b300000, 0x000000008b300000, 0x000000008b400000|  0%| F|  |TAMS 0x000000008b300000, 0x000000008b300000| Untracked 
| 116|0x000000008b400000, 0x000000008b400000, 0x000000008b500000|  0%| F|  |TAMS 0x000000008b400000, 0x000000008b400000| Untracked 
| 117|0x000000008b500000, 0x000000008b500000, 0x000000008b600000|  0%| F|  |TAMS 0x000000008b500000, 0x000000008b500000| Untracked 
| 118|0x000000008b600000, 0x000000008b6d0028, 0x000000008b700000| 81%| E|  |TAMS 0x000000008b600000, 0x000000008b600000| Complete 
| 119|0x000000008b700000, 0x000000008b800000, 0x000000008b800000|100%| E|CS|TAMS 0x000000008b700000, 0x000000008b700000| Complete 
| 120|0x000000008b800000, 0x000000008b900000, 0x000000008b900000|100%| E|CS|TAMS 0x000000008b800000, 0x000000008b800000| Complete 
| 121|0x000000008b900000, 0x000000008ba00000, 0x000000008ba00000|100%| E|CS|TAMS 0x000000008b900000, 0x000000008b900000| Complete 
| 122|0x000000008ba00000, 0x000000008bb00000, 0x000000008bb00000|100%| E|CS|TAMS 0x000000008ba00000, 0x000000008ba00000| Complete 
| 123|0x000000008bb00000, 0x000000008bc00000, 0x000000008bc00000|100%| E|CS|TAMS 0x000000008bb00000, 0x000000008bb00000| Complete 

Card table byte_map: [0x000001cda7fe0000,0x000001cda83c0000] _byte_map_base: 0x000001cda7bc0000

Marking Bits (Prev, Next): (CMBitMap*) 0x000001cd909e0880, (CMBitMap*) 0x000001cd909e08c0
 Prev Bits: [0x000001cda87a0000, 0x000001cdaa6a0000)
 Next Bits: [0x000001cdaa6a0000, 0x000001cdac5a0000)

Polling page: 0x000001cd90140000

Metaspace:

Usage:
  Non-class:     17.57 MB used.
      Class:      2.07 MB used.
       Both:     19.64 MB used.

Virtual space:
  Non-class space:       64.00 MB reserved,      17.75 MB ( 28%) committed,  1 nodes.
      Class space:        1.00 GB reserved,       2.19 MB ( <1%) committed,  1 nodes.
             Both:        1.06 GB reserved,      19.94 MB (  2%) committed. 

Chunk freelists:
   Non-Class:  2.09 MB
       Class:  1.72 MB
        Both:  3.82 MB

MaxMetaspaceSize: unlimited
CompressedClassSpaceSize: 1.00 GB
Initial GC threshold: 21.00 MB
Current GC threshold: 21.00 MB
CDS: on
MetaspaceReclaimPolicy: balanced
 - commit_granule_bytes: 65536.
 - commit_granule_words: 8192.
 - virtual_space_node_default_size: 8388608.
 - enlarge_chunks_in_place: 1.
 - new_chunks_are_fully_committed: 0.
 - uncommit_free_chunks: 1.
 - use_allocation_guard: 0.


Internal statistics:

num_allocs_failed_limit: 0.
num_arena_births: 228.
num_arena_deaths: 0.
num_vsnodes_births: 2.
num_vsnodes_deaths: 0.
num_space_committed: 319.
num_space_uncommitted: 0.
num_chunks_returned_to_freelist: 0.
num_chunks_taken_from_freelist: 421.
num_chunk_merges: 0.
num_chunk_splits: 273.
num_chunks_enlarged: 188.
num_inconsistent_stats: 0.

CodeHeap 'non-profiled nmethods': size=120000Kb used=1096Kb max_used=1096Kb free=118903Kb
 bounds [0x000001cda03a0000, 0x000001cda0610000, 0x000001cda78d0000]
CodeHeap 'profiled nmethods': size=120000Kb used=5971Kb max_used=5971Kb free=114028Kb
 bounds [0x000001cd988d0000, 0x000001cd98eb0000, 0x000001cd9fe00000]
CodeHeap 'non-nmethods': size=5760Kb used=1496Kb max_used=1527Kb free=4263Kb
 bounds [0x000001cd9fe00000, 0x000001cda0070000, 0x000001cda03a0000]
 total_blobs=3773 nmethods=3026 adapters=656
 compilation: enabled
              stopped_count=0, restarted_count=0
 full_count=0

Compilation events (20 events):
Event: 31.453 Thread 0x000001cdaefee960 nmethod 3012 0x000001cd98e99e90 code [0x000001cd98e9a040, 0x000001cd98e9a308]
Event: 31.453 Thread 0x000001cdaefee960 3013       3       javax.swing.text.Segment::next (41 bytes)
Event: 31.453 Thread 0x000001cdaefee960 nmethod 3013 0x000001cd98e9a410 code [0x000001cd98e9a5c0, 0x000001cd98e9a808]
Event: 31.453 Thread 0x000001cdaefee960 3014       3       javax.swing.text.Utilities::getTabbedTextWidth (363 bytes)
Event: 31.454 Thread 0x000001cdaefee960 nmethod 3014 0x000001cd98e9a890 code [0x000001cd98e9ab00, 0x000001cd98e9b6e8]
Event: 31.454 Thread 0x000001cdaefee960 3015       3       javax.swing.text.CompositeView::getView (7 bytes)
Event: 31.454 Thread 0x000001cdaefee960 nmethod 3015 0x000001cd98e9bb90 code [0x000001cd98e9bd20, 0x000001cd98e9be58]
Event: 31.454 Thread 0x000001cdaefee960 3017       3       javax.swing.text.LabelView::sync (12 bytes)
Event: 31.454 Thread 0x000001cdaefee960 nmethod 3017 0x000001cd98e9bf10 code [0x000001cd98e9c0c0, 0x000001cd98e9c2c8]
Event: 31.454 Thread 0x000001cdaefee960 3018       3       javax.swing.text.GapContent::getChars (226 bytes)
Event: 31.455 Thread 0x000001cdaefed3d0 nmethod 3007 0x000001cda04b1290 code [0x000001cda04b1420, 0x000001cda04b1898]
Event: 31.455 Thread 0x000001cdaefed3d0 3016       4       sun.awt.SunHints$Value::hashCode (5 bytes)
Event: 31.455 Thread 0x000001cdaefee960 nmethod 3018 0x000001cd98e9c390 code [0x000001cd98e9c640, 0x000001cd98e9d6b8]
Event: 31.455 Thread 0x000001cdaefee960 3019       3       com.mysql.cj.conf.IntegerProperty::<init> (6 bytes)
Event: 31.455 Thread 0x000001cdaefee960 nmethod 3019 0x000001cd98e9db10 code [0x000001cd98e9dce0, 0x000001cd98e9e178]
Event: 31.455 Thread 0x000001cdaefed3d0 nmethod 3016 0x000001cda04b1990 code [0x000001cda04b1b20, 0x000001cda04b1be8]
Event: 31.456 Thread 0x000001cdaefee960 3020       3       java.util.PropertyResourceBundle::handleGetObject (23 bytes)
Event: 31.456 Thread 0x000001cdaefee960 nmethod 3020 0x000001cd98e9e310 code [0x000001cd98e9e4e0, 0x000001cd98e9e7b8]
Event: 31.456 Thread 0x000001cdaefee960 3021       3       java.text.MessageFormat::format (15 bytes)
Event: 31.456 Thread 0x000001cdaefee960 nmethod 3021 0x000001cd98e9e890 code [0x000001cd98e9ea40, 0x000001cd98e9ec18]

GC Heap History (4 events):
Event: 2.402 GC heap before
{Heap before GC invocations=0 (full 0):
 garbage-first heap   total 126976K, used 24576K [0x0000000084000000, 0x0000000100000000)
  region size 1024K, 23 young (23552K), 0 survivors (0K)
 Metaspace       used 8768K, committed 8960K, reserved 1114112K
  class space    used 939K, committed 1024K, reserved 1048576K
}
Event: 2.408 GC heap after
{Heap after GC invocations=1 (full 0):
 garbage-first heap   total 126976K, used 7336K [0x0000000084000000, 0x0000000100000000)
  region size 1024K, 3 young (3072K), 3 survivors (3072K)
 Metaspace       used 8768K, committed 8960K, reserved 1114112K
  class space    used 939K, committed 1024K, reserved 1048576K
}
Event: 25.358 GC heap before
{Heap before GC invocations=1 (full 0):
 garbage-first heap   total 126976K, used 55464K [0x0000000084000000, 0x0000000100000000)
  region size 1024K, 32 young (32768K), 3 survivors (3072K)
 Metaspace       used 18663K, committed 18944K, reserved 1114112K
  class space    used 1984K, committed 2112K, reserved 1048576K
}
Event: 25.365 GC heap after
{Heap after GC invocations=2 (full 0):
 garbage-first heap   total 126976K, used 29611K [0x0000000084000000, 0x0000000100000000)
  region size 1024K, 4 young (4096K), 4 survivors (4096K)
 Metaspace       used 18663K, committed 18944K, reserved 1114112K
  class space    used 1984K, committed 2112K, reserved 1048576K
}

Dll operation events (12 events):
Event: 0.008 Loaded shared library C:\Program Files\Java\jdk-19\bin\java.dll
Event: 0.016 Loaded shared library C:\Program Files\Java\jdk-19\bin\jsvml.dll
Event: 0.057 Loaded shared library C:\Program Files\Java\jdk-19\bin\net.dll
Event: 0.059 Loaded shared library C:\Program Files\Java\jdk-19\bin\nio.dll
Event: 0.079 Loaded shared library C:\Program Files\Java\jdk-19\bin\zip.dll
Event: 0.095 Loaded shared library C:\Program Files\Java\jdk-19\bin\jimage.dll
Event: 0.110 Loaded shared library C:\Program Files\Java\jdk-19\bin\awt.dll
Event: 0.317 Loaded shared library C:\Program Files\Java\jdk-19\bin\javajpeg.dll
Event: 0.398 Loaded shared library C:\Program Files\Java\jdk-19\bin\freetype.dll
Event: 0.398 Loaded shared library C:\Program Files\Java\jdk-19\bin\fontmanager.dll
Event: 11.850 Loaded shared library C:\Program Files\Java\jdk-19\bin\extnet.dll
Event: 11.939 Loaded shared library C:\Program Files\Java\jdk-19\bin\sunmscapi.dll

Deoptimization events (20 events):
Event: 23.797 Thread 0x000001cdb46a89c0 Uncommon trap: trap_request=0xffffff45 fr.pc=0x000001cda03f18b4 relative=0x0000000000000194
Event: 23.797 Thread 0x000001cdb46a89c0 Uncommon trap: reason=unstable_if action=reinterpret pc=0x000001cda03f18b4 method=java.nio.Buffer.<init>(IIIILjava/lang/foreign/MemorySegment;)V @ 50 c2
Event: 23.797 Thread 0x000001cdb46a89c0 DEOPT PACKING pc=0x000001cda03f18b4 sp=0x000000963dafd180
Event: 23.798 Thread 0x000001cdb46a89c0 DEOPT UNPACKING pc=0x000001cd9fe6a5a3 sp=0x000000963dafd120 mode 2
Event: 25.367 Thread 0x000001cdb5e365e0 Uncommon trap: trap_request=0xffffff45 fr.pc=0x000001cda03f1c74 relative=0x00000000000000d4
Event: 25.367 Thread 0x000001cdb5e365e0 Uncommon trap: reason=unstable_if action=reinterpret pc=0x000001cda03f1c74 method=java.lang.ThreadLocal$ThreadLocalMap.getEntry(Ljava/lang/ThreadLocal;)Ljava/lang/ThreadLocal$ThreadLocalMap$Entry; @ 21 c2
Event: 25.367 Thread 0x000001cdb5e365e0 DEOPT PACKING pc=0x000001cda03f1c74 sp=0x000000963d5fe7d0
Event: 25.367 Thread 0x000001cdb5e365e0 DEOPT UNPACKING pc=0x000001cd9fe6a5a3 sp=0x000000963d5fe760 mode 2
Event: 25.367 Thread 0x000001cdb5e365e0 DEOPT PACKING pc=0x000001cd98caefde sp=0x000000963d5fe710
Event: 25.367 Thread 0x000001cdb5e365e0 DEOPT UNPACKING pc=0x000001cd9fe6b0e3 sp=0x000000963d5fdb40 mode 0
Event: 31.319 Thread 0x000001cdb46a89c0 Uncommon trap: trap_request=0xffffff45 fr.pc=0x000001cda04209a4 relative=0x0000000000000084
Event: 31.319 Thread 0x000001cdb46a89c0 Uncommon trap: reason=unstable_if action=reinterpret pc=0x000001cda04209a4 method=java.lang.CharacterDataLatin1.isWhitespace(I)Z @ 14 c2
Event: 31.319 Thread 0x000001cdb46a89c0 DEOPT PACKING pc=0x000001cda04209a4 sp=0x000000963dafd700
Event: 31.319 Thread 0x000001cdb46a89c0 DEOPT UNPACKING pc=0x000001cd9fe6a5a3 sp=0x000000963dafd680 mode 2
Event: 31.360 Thread 0x000001cdb46a89c0 DEOPT PACKING pc=0x000001cd98cbdff5 sp=0x000000963dafcba0
Event: 31.360 Thread 0x000001cdb46a89c0 DEOPT UNPACKING pc=0x000001cd9fe6b0e3 sp=0x000000963dafc028 mode 0
Event: 31.362 Thread 0x000001cdb46a89c0 DEOPT PACKING pc=0x000001cd98cbdff5 sp=0x000000963dafccc0
Event: 31.362 Thread 0x000001cdb46a89c0 DEOPT UNPACKING pc=0x000001cd9fe6b0e3 sp=0x000000963dafc148 mode 0
Event: 31.446 Thread 0x000001cdb46a89c0 DEOPT PACKING pc=0x000001cd98cbec62 sp=0x000000963dafbcf0
Event: 31.446 Thread 0x000001cdb46a89c0 DEOPT UNPACKING pc=0x000001cd9fe6b0e3 sp=0x000000963dafb178 mode 0

Classes loaded (20 events):
Event: 31.344 Loading class javax/swing/text/GlyphView
Event: 31.344 Loading class javax/swing/text/GlyphView done
Event: 31.344 Loading class javax/swing/text/LabelView done
Event: 31.344 Loading class javax/swing/text/html/InlineView done
Event: 31.344 Loading class javax/swing/text/html/BRView
Event: 31.344 Loading class javax/swing/text/html/BRView done
Event: 31.344 Loading class javax/swing/text/GlyphPainter1
Event: 31.344 Loading class javax/swing/text/GlyphView$GlyphPainter
Event: 31.344 Loading class javax/swing/text/GlyphView$GlyphPainter done
Event: 31.344 Loading class javax/swing/text/GlyphPainter1 done
Event: 31.345 Loading class javax/swing/text/ParagraphView$Row
Event: 31.345 Loading class javax/swing/text/ParagraphView$Row done
Event: 31.347 Loading class javax/swing/text/WhitespaceBasedBreakIterator
Event: 31.347 Loading class java/text/BreakIterator
Event: 31.347 Loading class java/text/BreakIterator done
Event: 31.347 Loading class javax/swing/text/WhitespaceBasedBreakIterator done
Event: 31.347 Loading class javax/swing/text/ComponentView
Event: 31.347 Loading class javax/swing/text/ComponentView done
Event: 31.393 Loading class javax/swing/border/BevelBorder
Event: 31.393 Loading class javax/swing/border/BevelBorder done

Classes unloaded (0 events):
No events

Classes redefined (0 events):
No events

Internal exceptions (20 events):
Event: 0.206 Thread 0x000001cd909808c0 Exception <a 'java/lang/NoSuchMethodError'{0x000000008b769a88}: 'java.lang.Object java.lang.invoke.DirectMethodHandle$Holder.newInvokeSpecial(java.lang.Object, java.lang.Object, java.lang.Object, java.lang.Object, java.lang.Object)'> (0x000000008b769a88) 
thrown [s\open\src\hotspot\share\interpreter\linkResolver.cpp, line 774]
Event: 0.214 Thread 0x000001cd909808c0 Exception <a 'java/lang/NoSuchMethodError'{0x000000008b79b468}: 'java.lang.Object java.lang.invoke.DirectMethodHandle$Holder.invokeStatic(java.lang.Object, int, java.lang.Object)'> (0x000000008b79b468) 
thrown [s\open\src\hotspot\share\interpreter\linkResolver.cpp, line 774]
Event: 0.233 Thread 0x000001cd909808c0 Exception <a 'java/lang/ClassNotFoundException'{0x000000008b6573a8}: com/sun/swing/internal/plaf/metal/resources/spi/metalProvider> (0x000000008b6573a8) 
thrown [s\open\src\hotspot\share\classfile\systemDictionary.cpp, line 255]
Event: 0.234 Thread 0x000001cd909808c0 Exception <a 'java/lang/ClassNotFoundException'{0x000000008b65b378}: com/sun/swing/internal/plaf/basic/resources/spi/basicProvider> (0x000000008b65b378) 
thrown [s\open\src\hotspot\share\classfile\systemDictionary.cpp, line 255]
Event: 0.241 Thread 0x000001cd909808c0 Exception <a 'java/lang/NoSuchMethodError'{0x000000008b67b278}: 'int java.lang.invoke.Invokers$Holder.invokeExact_MT(java.lang.Object, java.lang.Object)'> (0x000000008b67b278) 
thrown [s\open\src\hotspot\share\interpreter\linkResolver.cpp, line 774]
Event: 0.318 Thread 0x000001cdb37e9a10 Exception <a 'java/lang/NoSuchMethodError'{0x000000008b484340}: 'java.lang.Object java.lang.invoke.DirectMethodHandle$Holder.newInvokeSpecial(java.lang.Object, java.lang.Object, java.lang.Object, int, int, int, int, int)'> (0x000000008b484340) 
thrown [s\open\src\hotspot\share\interpreter\linkResolver.cpp, line 774]
Event: 0.393 Thread 0x000001cd909808c0 Exception <a 'java/lang/NoSuchMethodError'{0x000000008b6d0298}: 'void java.lang.invoke.DirectMethodHandle$Holder.invokeStaticInit(java.lang.Object)'> (0x000000008b6d0298) 
thrown [s\open\src\hotspot\share\interpreter\linkResolver.cpp, line 774]
Event: 0.453 Thread 0x000001cdb374d8e0 Exception <a 'java/lang/NoSuchMethodError'{0x000000008b8fc438}: 'void java.lang.invoke.DirectMethodHandle$Holder.invokeVirtual(java.lang.Object, java.lang.Object)'> (0x000000008b8fc438) 
thrown [s\open\src\hotspot\share\interpreter\linkResolver.cpp, line 774]
Event: 2.418 Thread 0x000001cdb46a89c0 Exception <a 'java/lang/NoSuchMethodError'{0x000000008ba4aa40}: 'void java.lang.invoke.DirectMethodHandle$Holder.invokeSpecial(java.lang.Object, java.lang.Object, java.lang.Object, java.lang.Object, java.lang.Object)'> (0x000000008ba4aa40) 
thrown [s\open\src\hotspot\share\interpreter\linkResolver.cpp, line 774]
Event: 11.697 Thread 0x000001cdb46a89c0 Implicit null exception at 0x000001cda03f2cff to 0x000001cda03f2d9c
Event: 11.741 Thread 0x000001cdb46a89c0 Exception <a 'java/lang/NoSuchMethodError'{0x000000008b9fdb50}: 'java.lang.Object java.lang.invoke.DirectMethodHandle$Holder.invokeInterface(java.lang.Object, java.lang.Object)'> (0x000000008b9fdb50) 
thrown [s\open\src\hotspot\share\interpreter\linkResolver.cpp, line 774]
Event: 11.762 Thread 0x000001cdb46a89c0 Exception <a 'java/lang/NoSuchMethodError'{0x000000008b873d88}: 'void java.lang.invoke.DirectMethodHandle$Holder.invokeStatic(java.lang.Object, java.lang.Object, java.lang.Object)'> (0x000000008b873d88) 
thrown [s\open\src\hotspot\share\interpreter\linkResolver.cpp, line 774]
Event: 11.763 Thread 0x000001cdb46a89c0 Exception <a 'java/lang/NoSuchMethodError'{0x000000008b87de20}: 'java.lang.Object java.lang.invoke.DirectMethodHandle$Holder.invokeVirtual(java.lang.Object, java.lang.Object, java.lang.Object)'> (0x000000008b87de20) 
thrown [s\open\src\hotspot\share\interpreter\linkResolver.cpp, line 774]
Event: 11.851 Thread 0x000001cdb46a89c0 Exception <a 'java/lang/NoSuchMethodError'{0x000000008b56f020}: 'void java.lang.invoke.DirectMethodHandle$Holder.invokeStatic(java.lang.Object, java.lang.Object)'> (0x000000008b56f020) 
thrown [s\open\src\hotspot\share\interpreter\linkResolver.cpp, line 774]
Event: 11.913 Thread 0x000001cdb46a89c0 Exception <a 'java/lang/NoSuchMethodError'{0x000000008b4fb3a8}: 'void java.lang.invoke.DirectMethodHandle$Holder.invokeStaticInit(java.lang.Object, java.lang.Object)'> (0x000000008b4fb3a8) 
thrown [s\open\src\hotspot\share\interpreter\linkResolver.cpp, line 774]
Event: 11.971 Thread 0x000001cdb46a89c0 Exception <a 'sun/nio/fs/WindowsException'{0x000000008b24a088}> (0x000000008b24a088) 
thrown [s\open\src\hotspot\share\prims\jni.cpp, line 517]
Event: 11.999 Thread 0x000001cdb46a89c0 Exception <a 'java/lang/NoSuchMethodError'{0x000000008b101da0}: 'java.lang.Object java.lang.invoke.DirectMethodHandle$Holder.invokeStaticInit(java.lang.Object, int, int, int, int)'> (0x000000008b101da0) 
thrown [s\open\src\hotspot\share\interpreter\linkResolver.cpp, line 774]
Event: 12.106 Thread 0x000001cdb46a89c0 Exception <a 'java/lang/NoSuchMethodError'{0x000000008b1c3fa8}: 'java.lang.Object java.lang.invoke.DirectMethodHandle$Holder.invokeStaticInit(java.lang.Object, java.lang.Object, int, int, int, int)'> (0x000000008b1c3fa8) 
thrown [s\open\src\hotspot\share\interpreter\linkResolver.cpp, line 774]
Event: 23.904 Thread 0x000001cdb46a89c0 Exception <a 'java/lang/NoSuchMethodError'{0x0000000089fdc888}: 'int java.lang.invoke.DirectMethodHandle$Holder.invokeStatic(java.lang.Object)'> (0x0000000089fdc888) 
thrown [s\open\src\hotspot\share\interpreter\linkResolver.cpp, line 774]
Event: 25.367 Thread 0x000001cdb5e365e0 Implicit null exception at 0x000001cda03f1bf0 to 0x000001cda03f1c5c

VM Operations (20 events):
Event: 22.361 Executing VM operation: Cleanup
Event: 22.361 Executing VM operation: Cleanup done
Event: 23.373 Executing VM operation: Cleanup
Event: 23.373 Executing VM operation: Cleanup done
Event: 23.868 Executing VM operation: HandshakeAllThreads
Event: 23.868 Executing VM operation: HandshakeAllThreads done
Event: 23.876 Executing VM operation: HandshakeAllThreads
Event: 23.876 Executing VM operation: HandshakeAllThreads done
Event: 24.890 Executing VM operation: Cleanup
Event: 24.890 Executing VM operation: Cleanup done
Event: 25.358 Executing VM operation: G1CollectForAllocation
Event: 25.365 Executing VM operation: G1CollectForAllocation done
Event: 26.375 Executing VM operation: Cleanup
Event: 26.375 Executing VM operation: Cleanup done
Event: 28.390 Executing VM operation: Cleanup
Event: 28.390 Executing VM operation: Cleanup done
Event: 30.404 Executing VM operation: Cleanup
Event: 30.404 Executing VM operation: Cleanup done
Event: 31.332 Executing VM operation: HandshakeAllThreads
Event: 31.332 Executing VM operation: HandshakeAllThreads done

Events (20 events):
Event: 0.383 Thread 0x000001cdb46a89c0 Thread added: 0x000001cdb46a89c0
Event: 0.463 Thread 0x000001cd909808c0 Thread exited: 0x000001cd909808c0
Event: 0.463 Thread 0x000001cd909808c0 Thread added: 0x000001cd909808c0
Event: 0.802 Thread 0x000001cdb5e36090 Thread added: 0x000001cdb5e36090
Event: 1.309 Thread 0x000001cd909817a0 Thread exited: 0x000001cd909817a0
Event: 2.385 Thread 0x000001cdb4e09a30 Thread added: 0x000001cdb4e09a30
Event: 2.576 Thread 0x000001cdb4e09a30 Thread exited: 0x000001cdb4e09a30
Event: 5.347 Thread 0x000001cdb37e9a10 Thread exited: 0x000001cdb37e9a10
Event: 11.712 Thread 0x000001cdb5e365e0 Thread added: 0x000001cdb5e365e0
Event: 11.744 Thread 0x000001cdb4611c70 Thread added: 0x000001cdb4611c70
Event: 12.096 Thread 0x000001cdb4611c70 Thread exited: 0x000001cdb4611c70
Event: 12.186 Thread 0x000001cdb4d8e540 Thread added: 0x000001cdb4d8e540
Event: 12.276 Thread 0x000001cdb5e385c0 Thread added: 0x000001cdb5e385c0
Event: 13.204 Thread 0x000001cdb4d8e540 Thread exited: 0x000001cdb4d8e540
Event: 17.319 Thread 0x000001cdb5e385c0 Thread exited: 0x000001cdb5e385c0
Event: 19.837 Thread 0x000001cdb5e39060 Thread added: 0x000001cdb5e39060
Event: 23.798 Thread 0x000001cdb5ca8410 Thread added: 0x000001cdb5ca8410
Event: 24.615 Thread 0x000001cdb5ca8410 Thread exited: 0x000001cdb5ca8410
Event: 30.374 Thread 0x000001cdb5e39060 Thread exited: 0x000001cdb5e39060
Event: 31.314 Thread 0x000001cdb5ca7810 Thread added: 0x000001cdb5ca7810


Dynamic libraries:
0x00007ff7d1d50000 - 0x00007ff7d1d60000 	C:\Program Files\Java\jdk-19\bin\java.exe
0x00007ffa7d9d0000 - 0x00007ffa7dbe7000 	C:\WINDOWS\SYSTEM32\ntdll.dll
0x00007ffa7c160000 - 0x00007ffa7c224000 	C:\WINDOWS\System32\KERNEL32.DLL
0x00007ffa7b350000 - 0x00007ffa7b6fd000 	C:\WINDOWS\System32\KERNELBASE.dll
0x00007ffa7adb0000 - 0x00007ffa7aec1000 	C:\WINDOWS\System32\ucrtbase.dll
0x00007ffa14f70000 - 0x00007ffa14f88000 	C:\Program Files\Java\jdk-19\bin\jli.dll
0x00007ffa720f0000 - 0x00007ffa7210b000 	C:\Program Files\Java\jdk-19\bin\VCRUNTIME140.dll
0x00007ffa7d530000 - 0x00007ffa7d5e2000 	C:\WINDOWS\System32\ADVAPI32.dll
0x00007ffa7d8e0000 - 0x00007ffa7d987000 	C:\WINDOWS\System32\msvcrt.dll
0x00007ffa7c930000 - 0x00007ffa7c9d9000 	C:\WINDOWS\System32\sechost.dll
0x00007ffa7b070000 - 0x00007ffa7b098000 	C:\WINDOWS\System32\bcrypt.dll
0x00007ffa7d330000 - 0x00007ffa7d444000 	C:\WINDOWS\System32\RPCRT4.dll
0x00007ffa7c720000 - 0x00007ffa7c8ce000 	C:\WINDOWS\System32\USER32.dll
0x00007ffa7b0a0000 - 0x00007ffa7b0c6000 	C:\WINDOWS\System32\win32u.dll
0x00007ffa7cf80000 - 0x00007ffa7cfa9000 	C:\WINDOWS\System32\GDI32.dll
0x00007ffa7aed0000 - 0x00007ffa7afe9000 	C:\WINDOWS\System32\gdi32full.dll
0x00007ffa5c180000 - 0x00007ffa5c413000 	C:\WINDOWS\WinSxS\amd64_microsoft.windows.common-controls_6595b64144ccf1df_6.0.22621.3672_none_2713b9d173822955\COMCTL32.dll
0x00007ffa7b0d0000 - 0x00007ffa7b16a000 	C:\WINDOWS\System32\msvcp_win.dll
0x00007ffa71a60000 - 0x00007ffa71a6a000 	C:\WINDOWS\SYSTEM32\VERSION.dll
0x00007ffa7c230000 - 0x00007ffa7c261000 	C:\WINDOWS\System32\IMM32.DLL
0x00007ffa5ccf0000 - 0x00007ffa5ccfc000 	C:\Program Files\Java\jdk-19\bin\vcruntime140_1.dll
0x00007ffa34530000 - 0x00007ffa345be000 	C:\Program Files\Java\jdk-19\bin\msvcp140.dll
0x00007ffa040f0000 - 0x00007ffa04db0000 	C:\Program Files\Java\jdk-19\bin\server\jvm.dll
0x00007ffa50040000 - 0x00007ffa50049000 	C:\WINDOWS\SYSTEM32\WSOCK32.dll
0x00007ffa71f50000 - 0x00007ffa71f84000 	C:\WINDOWS\SYSTEM32\WINMM.dll
0x00007ffa7d450000 - 0x00007ffa7d4c1000 	C:\WINDOWS\System32\WS2_32.dll
0x00007ffa79d20000 - 0x00007ffa79d38000 	C:\WINDOWS\SYSTEM32\kernel.appcore.dll
0x00007ffa59d70000 - 0x00007ffa59d7a000 	C:\Program Files\Java\jdk-19\bin\jimage.dll
0x00007ffa78610000 - 0x00007ffa78842000 	C:\WINDOWS\SYSTEM32\DBGHELP.DLL
0x00007ffa7cae0000 - 0x00007ffa7ce6d000 	C:\WINDOWS\System32\combase.dll
0x00007ffa7d800000 - 0x00007ffa7d8d7000 	C:\WINDOWS\System32\OLEAUT32.dll
0x00007ffa53cc0000 - 0x00007ffa53cf2000 	C:\WINDOWS\SYSTEM32\dbgcore.DLL
0x00007ffa7aff0000 - 0x00007ffa7b06b000 	C:\WINDOWS\System32\bcryptPrimitives.dll
0x00007ffa3bef0000 - 0x00007ffa3bf16000 	C:\Program Files\Java\jdk-19\bin\java.dll
0x00007ffa22460000 - 0x00007ffa22537000 	C:\Program Files\Java\jdk-19\bin\jsvml.dll
0x00007ffa7b860000 - 0x00007ffa7c0c7000 	C:\WINDOWS\System32\SHELL32.dll
0x00007ffa78c40000 - 0x00007ffa7953e000 	C:\WINDOWS\SYSTEM32\windows.storage.dll
0x00007ffa78b00000 - 0x00007ffa78c3f000 	C:\WINDOWS\SYSTEM32\wintypes.dll
0x00007ffa7d600000 - 0x00007ffa7d6f9000 	C:\WINDOWS\System32\SHCORE.dll
0x00007ffa7ce90000 - 0x00007ffa7ceee000 	C:\WINDOWS\System32\shlwapi.dll
0x00007ffa7ac20000 - 0x00007ffa7ac41000 	C:\WINDOWS\SYSTEM32\profapi.dll
0x00007ffa53f20000 - 0x00007ffa53f33000 	C:\Program Files\Java\jdk-19\bin\net.dll
0x00007ffa74e00000 - 0x00007ffa74f36000 	C:\WINDOWS\SYSTEM32\WINHTTP.dll
0x00007ffa7a190000 - 0x00007ffa7a1f9000 	C:\WINDOWS\system32\mswsock.dll
0x00007ffa3e620000 - 0x00007ffa3e636000 	C:\Program Files\Java\jdk-19\bin\nio.dll
0x00007ffa3d810000 - 0x00007ffa3d828000 	C:\Program Files\Java\jdk-19\bin\zip.dll
0x00007ffa222c0000 - 0x00007ffa22451000 	C:\Program Files\Java\jdk-19\bin\awt.dll
0x00007ffa74800000 - 0x00007ffa74897000 	C:\WINDOWS\SYSTEM32\apphelp.dll
0x00007ffa77e80000 - 0x00007ffa77eab000 	C:\WINDOWS\system32\DWMAPI.DLL
0x00007ffa77c10000 - 0x00007ffa77cc0000 	C:\WINDOWS\system32\uxtheme.dll
0x00007ffa52860000 - 0x00007ffa52960000 	C:\WINDOWS\system32\opengl32.dll
0x00007ffa714e0000 - 0x00007ffa7150d000 	C:\WINDOWS\SYSTEM32\GLU32.dll
0x00007ffa77e20000 - 0x00007ffa77e57000 	C:\WINDOWS\SYSTEM32\dxcore.dll
0x00007ffa7b700000 - 0x00007ffa7b85b000 	C:\WINDOWS\System32\MSCTF.dll
0x00007ffa7cfc0000 - 0x00007ffa7d165000 	C:\WINDOWS\System32\ole32.dll
0x00007ffa14f40000 - 0x00007ffa14f6e000 	C:\Program Files\Java\jdk-19\bin\javajpeg.dll
0x00007ffa32850000 - 0x00007ffa328d6000 	C:\Program Files\Java\jdk-19\bin\freetype.dll
0x00007ffa30310000 - 0x00007ffa303b9000 	C:\Program Files\Java\jdk-19\bin\fontmanager.dll
0x00007ffa7d700000 - 0x00007ffa7d7b0000 	C:\WINDOWS\System32\clbcatq.dll
0x00007ffa77a40000 - 0x00007ffa77bf1000 	C:\WINDOWS\SYSTEM32\WindowsCodecs.dll
0x00007ffa52b30000 - 0x00007ffa52b8e000 	C:\WINDOWS\system32\dataexchange.dll
0x00007ffa6fb10000 - 0x00007ffa6fd9a000 	C:\WINDOWS\system32\twinapi.appcore.dll
0x00007ffa5a590000 - 0x00007ffa5a6de000 	C:\WINDOWS\SYSTEM32\textinputframework.dll
0x00007ffa73ff0000 - 0x00007ffa74123000 	C:\WINDOWS\SYSTEM32\CoreMessaging.dll
0x00007ffa70cd0000 - 0x00007ffa7103d000 	C:\WINDOWS\SYSTEM32\CoreUIComponents.dll
0x00007ffa7a410000 - 0x00007ffa7a41c000 	C:\WINDOWS\SYSTEM32\CRYPTBASE.DLL
0x00007ffa59d80000 - 0x00007ffa59d97000 	C:\WINDOWS\SYSTEM32\wtdccm.dll
0x00007ffa79810000 - 0x00007ffa79908000 	C:\WINDOWS\SYSTEM32\DNSAPI.dll
0x00007ffa797e0000 - 0x00007ffa7980d000 	C:\WINDOWS\SYSTEM32\IPHLPAPI.DLL
0x00007ffa7cfb0000 - 0x00007ffa7cfb9000 	C:\WINDOWS\System32\NSI.dll
0x00007ffa71570000 - 0x00007ffa7157a000 	C:\Windows\System32\rasadhlp.dll
0x00007ffa71c90000 - 0x00007ffa71d13000 	C:\WINDOWS\System32\fwpuclnt.dll
0x00007ffa52c30000 - 0x00007ffa52c38000 	C:\Program Files\Java\jdk-19\bin\extnet.dll
0x00007ffa753a0000 - 0x00007ffa753ae000 	C:\Program Files\Java\jdk-19\bin\sunmscapi.dll
0x00007ffa7b1e0000 - 0x00007ffa7b347000 	C:\WINDOWS\System32\CRYPT32.dll
0x00007ffa7a590000 - 0x00007ffa7a5be000 	C:\WINDOWS\SYSTEM32\ncrypt.dll
0x00007ffa7a550000 - 0x00007ffa7a587000 	C:\WINDOWS\SYSTEM32\NTASN1.dll
0x00007ffa7a3f0000 - 0x00007ffa7a40b000 	C:\WINDOWS\SYSTEM32\CRYPTSP.dll
0x00007ffa79c80000 - 0x00007ffa79cb5000 	C:\WINDOWS\system32\rsaenh.dll
0x00007ffa7a290000 - 0x00007ffa7a2b8000 	C:\WINDOWS\SYSTEM32\USERENV.dll
0x00007ffa74b50000 - 0x00007ffa74b69000 	C:\WINDOWS\SYSTEM32\dhcpcsvc6.DLL
0x00007ffa74b30000 - 0x00007ffa74b4f000 	C:\WINDOWS\SYSTEM32\dhcpcsvc.DLL
0x00007ffa59c30000 - 0x00007ffa59c9b000 	C:\WINDOWS\system32\Ninput.dll

dbghelp: loaded successfully - version: 4.0.5 - missing functions: none
symbol engine: initialized successfully - sym options: 0x614 - pdb path: .;C:\Program Files\Java\jdk-19\bin;C:\WINDOWS\SYSTEM32;C:\WINDOWS\WinSxS\amd64_microsoft.windows.common-controls_6595b64144ccf1df_6.0.22621.3672_none_2713b9d173822955;C:\Program Files\Java\jdk-19\bin\server

VM Arguments:
jvm_args: -Dfile.encoding=UTF-8 --module-path=C:\Users\Hp\Documents\NetBeansProjects\Bank management system\build\classes 
java_command: bank.management.system.Login
java_class_path (initial): D:\JAVA\jcalendar-tz-1.3.3-4.jar;D:\JAVA\mysql-connector-java-8.0.28.jar;C:\Users\Hp\Documents\NetBeansProjects\Bank management system\build\classes
Launcher Type: SUN_STANDARD

[Global flags]
     intx CICompilerCount                          = 4                                         {product} {ergonomic}
     uint ConcGCThreads                            = 2                                         {product} {ergonomic}
     uint G1ConcRefinementThreads                  = 8                                         {product} {ergonomic}
   size_t G1HeapRegionSize                         = 1048576                                   {product} {ergonomic}
    uintx GCDrainStackTargetSize                   = 64                                        {product} {ergonomic}
   size_t InitialHeapSize                          = 130023424                                 {product} {ergonomic}
   size_t MarkStackSize                            = 4194304                                   {product} {ergonomic}
   size_t MaxHeapSize                              = 2080374784                                {product} {ergonomic}
   size_t MaxNewSize                               = 1247805440                                {product} {ergonomic}
   size_t MinHeapDeltaBytes                        = 1048576                                   {product} {ergonomic}
   size_t MinHeapSize                              = 8388608                                   {product} {ergonomic}
    uintx NonNMethodCodeHeapSize                   = 5839372                                {pd product} {ergonomic}
    uintx NonProfiledCodeHeapSize                  = 122909434                              {pd product} {ergonomic}
    uintx ProfiledCodeHeapSize                     = 122909434                              {pd product} {ergonomic}
    uintx ReservedCodeCacheSize                    = 251658240                              {pd product} {ergonomic}
     bool SegmentedCodeCache                       = true                                      {product} {ergonomic}
   size_t SoftMaxHeapSize                          = 2080374784                             {manageable} {ergonomic}
     bool UseCompressedClassPointers               = true                           {product lp64_product} {ergonomic}
     bool UseCompressedOops                        = true                           {product lp64_product} {ergonomic}
     bool UseG1GC                                  = true                                      {product} {ergonomic}
     bool UseLargePagesIndividualAllocation        = false                                  {pd product} {ergonomic}

Logging:
Log output configuration:
 #0: stdout all=warning uptime,level,tags foldmultilines=false
 #1: stderr all=off uptime,level,tags foldmultilines=false

Environment Variables:
JAVA_HOME=C:\Program Files\Java\jdk-19
PATH=C:\Program Files\Java\jdk-19\bin;C:\MinGW\bin;C:\Program Files\Microsoft VS Code\bin;C:\Program Files\MySQL\MySQL Server 8.0\bin;C:\Program Files\nodejs\;C:\Program Files\MongoDB\Server\7.0\bin;C:\Program Files\mongosh-2.2.3-win32-x64\bin;C:\Users\Hp\AppData\Local\Programs\Python\Python312\Scripts\;C:\Users\Hp\AppData\Local\Programs\Python\Python312\;C:\Program Files\MySQL\MySQL Shell 8.0\bin\;C:\Users\Hp\AppData\Local\Programs\Python\Python310\Scripts\;C:\Users\Hp\AppData\Local\Programs\Python\Python310\;C:\Users\Hp\AppData\Local\Microsoft\WindowsApps;C:\Users\Hp\.dotnet\tools;C:\ProgramData\Hp\atom\bin;C:\Users\Hp\AppData\Local\hyper\app-3.0.2\resources\bin;C:\Users\Hp\AppData\Local\Microsoft\WindowsApps;C:\Program Files\MongoDB\Server\5.0\bin;C:\Users\Hp\AppData\Local\atom\atom.exe;C:\Program Files\JetBrains\IntelliJ IDEA Community Edition 2022.2.2\bin;C:\Program Files\heroku\bin;C:\Users\Hp\AppData\Roaming\npm;C:\Program Files\MongoDB\Server\7.0\bin;C:\Users\Hp\AppData\Local\Programs\mongosh\;C:\Program Files\JetBrains\PyCharm 2024.1.4\bin
USERNAME=Hp
OS=Windows_NT
PROCESSOR_IDENTIFIER=Intel64 Family 6 Model 140 Stepping 1, GenuineIntel
TMP=C:\Users\Hp\AppData\Local\Temp
TEMP=C:\Users\Hp\AppData\Local\Temp



---------------  S Y S T E M  ---------------

OS:
 Windows 11 , 64 bit Build 22621 (10.0.22621.3958)
OS uptime: 5 days 16:54 hours

CPU: total 8 (initial active 8) (4 cores per cpu, 2 threads per core) family 6 model 140 stepping 1 microcode 0xac, cx8, cmov, fxsr, ht, mmx, 3dnowpref, sse, sse2, sse3, ssse3, sse4.1, sse4.2, popcnt, lzcnt, tsc, tscinvbit, avx, avx2, aes, erms, clmul, bmi1, bmi2, adx, avx512f, avx512dq, avx512cd, avx512bw, avx512vl, sha, fma, vzeroupper, avx512_vpopcntdq, avx512_vpclmulqdq, avx512_vaes, avx512_vnni, clflush, clflushopt, clwb, avx512_vbmi2, avx512_vbmi, rdtscp, rdpid, fsrm, gfni, avx512_bitalg

Memory: 4k page, system-wide physical 7932M (434M free)
TotalPageFile size 31379M (AvailPageFile size 4M)
current process WorkingSet (physical memory assigned to process): 146M, peak: 146M
current process commit charge ("private bytes"): 248M, peak: 248M

vm_info: Java HotSpot(TM) 64-Bit Server VM (19+36-2238) for windows-amd64 JRE (19+36-2238), built on 2022-08-12T20:29:01Z by "mach5one" with MS VC++ 17.1 (VS2022)

END.
